[2019-08-01 18:07:06 : INFO] - Re_Smush_It_Task with attachment ID : 410, autocreated on : August 01, 2019 06:07:05 
[2019-08-01 18:24:35 : INFO] - 
 
[2019-08-01 18:24:35 : INFO] - Header for logs at time:  Thu, 01 Aug 2019 18:24:35 +0000 on http://localhost/wordpress 
[2019-08-01 18:24:35 : INFO] - WP: 5.2.2 
[2019-08-01 18:24:35 : INFO] - PHP: 7.3.3 (apache2handler, Windows NT PAMEIGLESIAS 10.0 build 18362 (Windows 10) AMD64) 
[2019-08-01 18:24:35 : INFO] - MySQL: 5.5.5 
[2019-08-01 18:24:35 : INFO] - WPLANG: es_ES 
[2019-08-01 18:24:36 : INFO] - Server: Apache/2.4.38 (Win64) OpenSSL/1.1.1b PHP/7.3.3 
[2019-08-01 18:24:36 : INFO] - Outbound connections: N 
[2019-08-01 18:24:36 : INFO] - safe_mode: 0 
[2019-08-01 18:24:36 : INFO] - max_execution_time: 30 
[2019-08-01 18:24:36 : INFO] - memory_limit: 128M (used: 35.6M | 6M) 
[2019-08-01 18:24:36 : INFO] - multisite: N 
[2019-08-01 18:24:36 : INFO] - openssl: OpenSSL 1.1.1a  20 Nov 2018 
[2019-08-01 18:24:36 : INFO] - A total of 2 tasks of type smush found and will be processed in this iteration 
[2019-08-01 18:24:38 : INFO] - Set semaphore last lock (smush) time to 2019-08-01 18:24:38 
[2019-08-01 18:24:38 : INFO] - Semaphore lock (smush) complete 
[2019-08-01 18:24:39 : INFO] - Processing task with ID : 1, and type 'smush' 
[2019-08-01 18:24:40 : INFO] - Re_Smush_It_Task with attachment ID : 412, autocreated on : August 01, 2019 06:24:34 
[2019-08-01 18:24:40 : INFO] - Task with ID 1 and type (smush) failed with error code invalid_file_path - The linked attachment ID does not have a valid file path 
[2019-08-01 18:24:43 : INFO] - Processing task with ID : 2, and type 'smush' 
[2019-08-01 18:24:43 : INFO] - Re_Smush_It_Task with attachment ID : 412, autocreated on : August 01, 2019 06:24:34 
[2019-08-01 18:24:43 : INFO] - 100 
[2019-08-01 18:35:38 : INFO] - 
 
[2019-08-01 18:35:38 : INFO] - Header for logs at time:  Thu, 01 Aug 2019 18:35:38 +0000 on http://localhost/wordpress 
[2019-08-01 18:35:38 : INFO] - WP: 5.2.2 
[2019-08-01 18:35:38 : INFO] - PHP: 7.3.3 (apache2handler, Windows NT PAMEIGLESIAS 10.0 build 18362 (Windows 10) AMD64) 
[2019-08-01 18:35:38 : INFO] - MySQL: 5.5.5 
[2019-08-01 18:35:38 : INFO] - WPLANG: es_ES 
[2019-08-01 18:35:38 : INFO] - Server: Apache/2.4.38 (Win64) OpenSSL/1.1.1b PHP/7.3.3 
[2019-08-01 18:35:38 : INFO] - Outbound connections: N 
[2019-08-01 18:35:38 : INFO] - safe_mode: 0 
[2019-08-01 18:35:38 : INFO] - max_execution_time: 30 
[2019-08-01 18:35:38 : INFO] - memory_limit: 128M (used: 35.6M | 6M) 
[2019-08-01 18:35:38 : INFO] - multisite: N 
[2019-08-01 18:35:38 : INFO] - openssl: OpenSSL 1.1.1a  20 Nov 2018 
[2019-08-01 18:35:38 : INFO] - A total of 1 tasks of type smush found and will be processed in this iteration 
[2019-08-01 18:35:38 : INFO] - Semaphore (smush, di_options) was stuck, set lock time to 2019-08-01 18:35:38 
[2019-08-01 18:35:38 : INFO] - Semaphore (smush, di_options) reset to 1 
[2019-08-01 18:35:39 : INFO] - Set semaphore last lock (smush) time to 2019-08-01 18:35:39 
[2019-08-01 18:35:39 : INFO] - Semaphore lock (smush) complete 
[2019-08-01 18:35:43 : INFO] - Task with ID 2 and type (smush) failed with error code could_not_lock - The task could not be locked 
[2019-08-01 18:35:44 : INFO] - Decremented the semaphore (smush) by 1 
[2019-08-01 18:35:44 : INFO] - Semaphore (smush) unlocked 
[2019-08-01 18:35:44 : INFO] - Successfully processed the queue (smush). 1 tasks were processed out of 1. 
[2019-08-01 18:35:45 : INFO] - Semaphore (smush, di_options) was successfully cleaned up 
[2019-08-01 18:35:45 : INFO] - Cleaning up tasks of type (smush). A total of 2 tasks will be deleted. 
[2019-08-01 19:17:41 : INFO] - 
 
[2019-08-01 19:17:41 : INFO] - Header for logs at time:  Thu, 01 Aug 2019 19:17:41 +0000 on http://localhost/wordpress 
[2019-08-01 19:17:41 : INFO] - WP: 5.2.2 
[2019-08-01 19:17:41 : INFO] - PHP: 7.3.3 (apache2handler, Windows NT PAMEIGLESIAS 10.0 build 18362 (Windows 10) AMD64) 
[2019-08-01 19:17:41 : INFO] - MySQL: 5.5.5 
[2019-08-01 19:17:41 : INFO] - WPLANG: es_ES 
[2019-08-01 19:17:41 : INFO] - Server: Apache/2.4.38 (Win64) OpenSSL/1.1.1b PHP/7.3.3 
[2019-08-01 19:17:41 : INFO] - Outbound connections: N 
[2019-08-01 19:17:41 : INFO] - safe_mode: 0 
[2019-08-01 19:17:41 : INFO] - max_execution_time: 30 
[2019-08-01 19:17:41 : INFO] - memory_limit: 128M (used: 35.6M | 6M) 
[2019-08-01 19:17:41 : INFO] - multisite: N 
[2019-08-01 19:17:41 : INFO] - openssl: OpenSSL 1.1.1a  20 Nov 2018 
[2019-08-01 19:17:41 : INFO] - The queue for tasks of type "smush" is empty. Aborting! 
[2019-08-02 14:22:22 : INFO] - Re_Smush_It_Task with attachment ID : 452, autocreated on : August 02, 2019 02:22:20 
[2019-08-02 14:25:02 : INFO] - Re_Smush_It_Task with attachment ID : 456, autocreated on : August 02, 2019 02:25:01 
[2019-08-02 14:26:13 : INFO] - Re_Smush_It_Task with attachment ID : 458, autocreated on : August 02, 2019 02:26:11 
[2019-08-02 14:27:27 : INFO] - 
 
[2019-08-02 14:27:27 : INFO] - Header for logs at time:  Fri, 02 Aug 2019 14:27:27 +0000 on http://localhost/wordpress 
[2019-08-02 14:27:27 : INFO] - WP: 5.2.2 
[2019-08-02 14:27:27 : INFO] - PHP: 7.3.3 (apache2handler, Windows NT PAMEIGLESIAS 10.0 build 18362 (Windows 10) AMD64) 
[2019-08-02 14:27:27 : INFO] - MySQL: 5.5.5 
[2019-08-02 14:27:27 : INFO] - WPLANG: es_ES 
[2019-08-02 14:27:27 : INFO] - Server: Apache/2.4.38 (Win64) OpenSSL/1.1.1b PHP/7.3.3 
[2019-08-02 14:27:27 : INFO] - Outbound connections: N 
[2019-08-02 14:27:27 : INFO] - safe_mode: 0 
[2019-08-02 14:27:27 : INFO] - max_execution_time: 30 
[2019-08-02 14:27:27 : INFO] - memory_limit: 128M (used: 40.8M | 6M) 
[2019-08-02 14:27:27 : INFO] - multisite: N 
[2019-08-02 14:27:27 : INFO] - openssl: OpenSSL 1.1.1a  20 Nov 2018 
[2019-08-02 14:27:27 : INFO] - A total of 3 tasks of type smush found and will be processed in this iteration 
[2019-08-02 14:27:27 : INFO] - Set semaphore last lock (smush) time to 2019-08-02 14:27:27 
[2019-08-02 14:27:27 : INFO] - Semaphore lock (smush) complete 
[2019-08-02 14:27:27 : INFO] - Processing task with ID : 3, and type 'smush' 
[2019-08-02 14:27:27 : INFO] - Re_Smush_It_Task with attachment ID : 452, autocreated on : August 02, 2019 02:22:20 
[2019-08-02 14:27:27 : INFO] - 100 
[2019-08-02 14:27:31 : INFO] - Backing up the original image - C:/xampp/htdocs/wordpress/wp-content/uploads/2019/08/promo4-updraft-pre-smush-original.jpg 
[2019-08-02 14:27:31 : INFO] - Re_Smush_It_Task with attachment ID : 452, autocreated on : August 02, 2019 02:22:20 
[2019-08-02 14:27:31 : INFO] - 100 
[2019-08-02 14:27:34 : INFO] - Re_Smush_It_Task with attachment ID : 452, autocreated on : August 02, 2019 02:22:20 
[2019-08-02 14:27:34 : INFO] - 100 
[2019-08-02 14:27:36 : INFO] - Re_Smush_It_Task with attachment ID : 460, autocreated on : August 02, 2019 02:27:34 
[2019-08-02 14:27:37 : INFO] - Re_Smush_It_Task with attachment ID : 452, autocreated on : August 02, 2019 02:22:20 
[2019-08-02 14:27:37 : INFO] - 100 
[2019-08-02 14:28:00 : INFO] - Task with ID 3 and type (smush) failed with error code invalid_response - The Smush process failed with an invalid response from the server 
[2019-08-02 14:28:00 : INFO] - Successfully optimized the image - C:\xampp\htdocs\wordpress/wp-content/uploads/2019/08/promo4.jpg.El archivo ha sido comprimido de 78.79 KB a 75.95 KB ahorrando un 3.61 por ciento utilizando WP-Optimize 
[2019-08-02 14:28:01 : INFO] - Completed processing task with ID : 3, and type 'smush' 
[2019-08-02 14:28:01 : INFO] - Set semaphore last lock (smush) time to 2019-08-02 14:28:01 
[2019-08-02 14:28:01 : INFO] - Processing task with ID : 4, and type 'smush' 
[2019-08-02 14:28:01 : INFO] - Re_Smush_It_Task with attachment ID : 456, autocreated on : August 02, 2019 02:25:01 
[2019-08-02 14:28:01 : INFO] - 100 
[2019-08-02 14:28:11 : INFO] - Task with ID 4 and type (smush) failed with error code http_request_failed - cURL error 28: Connection timed out after 10000 milliseconds 
[2019-08-02 14:28:12 : INFO] - Cannot establish connection with reSmush.it webservice. Please try later 
[2019-08-02 14:28:12 : INFO] - Re_Smush_It_Task with attachment ID : 456, autocreated on : August 02, 2019 02:25:01 
[2019-08-02 14:28:12 : INFO] - 100 
[2019-08-02 14:28:14 : INFO] - Re_Smush_It_Task with attachment ID : 456, autocreated on : August 02, 2019 02:25:01 
[2019-08-02 14:28:14 : INFO] - 100 
[2019-08-02 14:28:17 : INFO] - Re_Smush_It_Task with attachment ID : 456, autocreated on : August 02, 2019 02:25:01 
[2019-08-02 14:28:17 : INFO] - 100 
[2019-08-02 14:28:20 : INFO] - Successfully optimized the image - C:\xampp\htdocs\wordpress/wp-content/uploads/2019/08/promo3.jpg.El archivo ha sido comprimido de 80.23 KB a 80.23 KB ahorrando un 0 por ciento utilizando WP-Optimize 
[2019-08-02 14:28:21 : INFO] - Completed processing task with ID : 4, and type 'smush' 
[2019-08-02 14:28:21 : INFO] - Set semaphore last lock (smush) time to 2019-08-02 14:28:21 
[2019-08-02 14:28:21 : INFO] - Processing task with ID : 5, and type 'smush' 
[2019-08-02 14:28:21 : INFO] - Re_Smush_It_Task with attachment ID : 458, autocreated on : August 02, 2019 02:26:11 
[2019-08-02 14:28:21 : INFO] - 100 
[2019-08-02 14:28:27 : INFO] - Backing up the original image - C:/xampp/htdocs/wordpress/wp-content/uploads/2019/08/promo2-updraft-pre-smush-original.jpg 
[2019-08-02 14:28:27 : INFO] - Re_Smush_It_Task with attachment ID : 458, autocreated on : August 02, 2019 02:26:11 
[2019-08-02 14:28:27 : INFO] - 100 
[2019-08-02 14:28:37 : INFO] - Task with ID 5 and type (smush) failed with error code http_request_failed - cURL error 28: Connection timed out after 10000 milliseconds 
[2019-08-02 14:28:37 : INFO] - Cannot establish connection with reSmush.it webservice. Please try later 
[2019-08-02 14:28:37 : INFO] - Re_Smush_It_Task with attachment ID : 458, autocreated on : August 02, 2019 02:26:11 
[2019-08-02 14:28:37 : INFO] - 100 
[2019-08-02 14:28:42 : INFO] - Re_Smush_It_Task with attachment ID : 462, autocreated on : August 02, 2019 02:28:41 
[2019-08-02 14:28:48 : INFO] - Task with ID 5 and type (smush) failed with error code http_request_failed - cURL error 28: Connection timed out after 10001 milliseconds 
[2019-08-02 14:28:48 : INFO] - Cannot establish connection with reSmush.it webservice. Please try later 
[2019-08-02 14:28:48 : INFO] - Re_Smush_It_Task with attachment ID : 458, autocreated on : August 02, 2019 02:26:11 
[2019-08-02 14:28:48 : INFO] - 100 
[2019-08-02 14:29:28 : INFO] - Re_Smush_It_Task with attachment ID : 463, autocreated on : August 02, 2019 02:29:27 
[2019-08-02 14:38:00 : INFO] - 
 
[2019-08-02 14:38:00 : INFO] - Header for logs at time:  Fri, 02 Aug 2019 14:38:00 +0000 on http://localhost/wordpress 
[2019-08-02 14:38:00 : INFO] - WP: 5.2.2 
[2019-08-02 14:38:00 : INFO] - PHP: 7.3.3 (apache2handler, Windows NT PAMEIGLESIAS 10.0 build 18362 (Windows 10) AMD64) 
[2019-08-02 14:38:00 : INFO] - MySQL: 5.5.5 
[2019-08-02 14:38:00 : INFO] - WPLANG: es_ES 
[2019-08-02 14:38:00 : INFO] - Server: Apache/2.4.38 (Win64) OpenSSL/1.1.1b PHP/7.3.3 
[2019-08-02 14:38:00 : INFO] - Outbound connections: N 
[2019-08-02 14:38:00 : INFO] - safe_mode: 0 
[2019-08-02 14:38:00 : INFO] - max_execution_time: 30 
[2019-08-02 14:38:00 : INFO] - memory_limit: 128M (used: 40.8M | 6M) 
[2019-08-02 14:38:00 : INFO] - multisite: N 
[2019-08-02 14:38:00 : INFO] - openssl: OpenSSL 1.1.1a  20 Nov 2018 
[2019-08-02 14:38:00 : INFO] - A total of 3 tasks of type smush found and will be processed in this iteration 
[2019-08-02 14:38:00 : INFO] - Semaphore (smush, di_options) was stuck, set lock time to 2019-08-02 14:38:00 
[2019-08-02 14:38:00 : INFO] - Semaphore (smush, di_options) reset to 1 
[2019-08-02 14:38:00 : INFO] - Set semaphore last lock (smush) time to 2019-08-02 14:38:00 
[2019-08-02 14:38:00 : INFO] - Semaphore lock (smush) complete 
[2019-08-02 14:38:00 : INFO] - Processing task with ID : 6, and type 'smush' 
[2019-08-02 14:38:01 : INFO] - Re_Smush_It_Task with attachment ID : 460, autocreated on : August 02, 2019 02:27:34 
[2019-08-02 14:38:01 : INFO] - 100 
[2019-08-02 14:38:06 : INFO] - Backing up the original image - C:/xampp/htdocs/wordpress/wp-content/uploads/2019/08/promo1-updraft-pre-smush-original.jpg 
[2019-08-02 14:38:06 : INFO] - Re_Smush_It_Task with attachment ID : 460, autocreated on : August 02, 2019 02:27:34 
[2019-08-02 14:38:06 : INFO] - 100 
[2019-08-02 14:38:08 : INFO] - Re_Smush_It_Task with attachment ID : 460, autocreated on : August 02, 2019 02:27:34 
[2019-08-02 14:38:08 : INFO] - 100 
[2019-08-02 14:38:19 : INFO] - Task with ID 6 and type (smush) failed with error code http_request_failed - cURL error 28: Connection timed out after 10001 milliseconds 
[2019-08-02 14:38:19 : INFO] - Cannot establish connection with reSmush.it webservice. Please try later 
[2019-08-02 14:38:19 : INFO] - Re_Smush_It_Task with attachment ID : 460, autocreated on : August 02, 2019 02:27:34 
[2019-08-02 14:38:19 : INFO] - 100 
[2019-08-02 14:38:23 : INFO] - Successfully optimized the image - C:\xampp\htdocs\wordpress/wp-content/uploads/2019/08/promo1.jpg.El archivo ha sido comprimido de 80.40 KB a 77.04 KB ahorrando un 4.18 por ciento utilizando WP-Optimize 
[2019-08-02 14:38:23 : INFO] - Completed processing task with ID : 6, and type 'smush' 
[2019-08-02 14:38:23 : INFO] - Set semaphore last lock (smush) time to 2019-08-02 14:38:23 
[2019-08-02 14:38:23 : INFO] - Processing task with ID : 7, and type 'smush' 
[2019-08-02 14:38:24 : INFO] - Re_Smush_It_Task with attachment ID : 462, autocreated on : August 02, 2019 02:28:41 
[2019-08-02 14:38:24 : INFO] - 100 
[2019-08-02 14:38:48 : INFO] - Task with ID 7 and type (smush) failed with error code invalid_response - The Smush process failed with an invalid response from the server 
[2019-08-02 14:38:48 : INFO] - Re_Smush_It_Task with attachment ID : 462, autocreated on : August 02, 2019 02:28:41 
[2019-08-02 14:38:48 : INFO] - 100 
[2019-08-02 14:38:58 : INFO] - Task with ID 7 and type (smush) failed with error code http_request_failed - cURL error 28: Connection timed out after 10001 milliseconds 
[2019-08-02 14:38:59 : INFO] - Cannot establish connection with reSmush.it webservice. Please try later 
[2019-08-02 14:38:59 : INFO] - Re_Smush_It_Task with attachment ID : 462, autocreated on : August 02, 2019 02:28:41 
[2019-08-02 14:38:59 : INFO] - 100 
[2019-08-02 14:39:23 : INFO] - Task with ID 7 and type (smush) failed with error code invalid_response - The Smush process failed with an invalid response from the server 
[2019-08-02 14:39:23 : INFO] - Re_Smush_It_Task with attachment ID : 462, autocreated on : August 02, 2019 02:28:41 
[2019-08-02 14:39:23 : INFO] - 100 
[2019-08-02 14:48:01 : INFO] - 
 
[2019-08-02 14:48:01 : INFO] - Header for logs at time:  Fri, 02 Aug 2019 14:48:01 +0000 on http://localhost/wordpress 
[2019-08-02 14:48:01 : INFO] - WP: 5.2.2 
[2019-08-02 14:48:01 : INFO] - PHP: 7.3.3 (apache2handler, Windows NT PAMEIGLESIAS 10.0 build 18362 (Windows 10) AMD64) 
[2019-08-02 14:48:01 : INFO] - MySQL: 5.5.5 
[2019-08-02 14:48:01 : INFO] - WPLANG: es_ES 
[2019-08-02 14:48:01 : INFO] - Server: Apache/2.4.38 (Win64) OpenSSL/1.1.1b PHP/7.3.3 
[2019-08-02 14:48:01 : INFO] - Outbound connections: N 
[2019-08-02 14:48:01 : INFO] - safe_mode: 0 
[2019-08-02 14:48:01 : INFO] - max_execution_time: 30 
[2019-08-02 14:48:01 : INFO] - memory_limit: 128M (used: 40.8M | 6M) 
[2019-08-02 14:48:01 : INFO] - multisite: N 
[2019-08-02 14:48:01 : INFO] - openssl: OpenSSL 1.1.1a  20 Nov 2018 
[2019-08-02 14:48:01 : INFO] - A total of 1 tasks of type smush found and will be processed in this iteration 
[2019-08-02 14:48:01 : INFO] - Semaphore (smush, di_options) was stuck, set lock time to 2019-08-02 14:48:01 
[2019-08-02 14:48:01 : INFO] - Semaphore (smush, di_options) reset to 1 
[2019-08-02 14:48:01 : INFO] - Set semaphore last lock (smush) time to 2019-08-02 14:48:01 
[2019-08-02 14:48:01 : INFO] - Semaphore lock (smush) complete 
[2019-08-02 14:48:01 : INFO] - Processing task with ID : 8, and type 'smush' 
[2019-08-02 14:48:02 : INFO] - Re_Smush_It_Task with attachment ID : 463, autocreated on : August 02, 2019 02:29:27 
[2019-08-02 14:48:02 : INFO] - 100 
[2019-08-02 14:48:07 : INFO] - Backing up the original image - C:/xampp/htdocs/wordpress/wp-content/uploads/2019/08/smallones-updraft-pre-smush-original.png 
[2019-08-02 14:48:07 : INFO] - Re_Smush_It_Task with attachment ID : 463, autocreated on : August 02, 2019 02:29:27 
[2019-08-02 14:48:07 : INFO] - 100 
[2019-08-02 14:48:10 : INFO] - Re_Smush_It_Task with attachment ID : 463, autocreated on : August 02, 2019 02:29:27 
[2019-08-02 14:48:10 : INFO] - 100 
[2019-08-02 14:48:13 : INFO] - Re_Smush_It_Task with attachment ID : 463, autocreated on : August 02, 2019 02:29:27 
[2019-08-02 14:48:13 : INFO] - 100 
[2019-08-02 14:48:24 : INFO] - Task with ID 8 and type (smush) failed with error code http_request_failed - cURL error 28: Connection timed out after 10000 milliseconds 
[2019-08-02 14:48:24 : INFO] - Cannot establish connection with reSmush.it webservice. Please try later 
[2019-08-02 14:48:24 : INFO] - Successfully optimized the image - C:\xampp\htdocs\wordpress/wp-content/uploads/2019/08/smallones.png.El archivo ha sido comprimido de 69.81 KB a 21.76 KB ahorrando un 68.83 por ciento utilizando WP-Optimize 
[2019-08-02 14:48:24 : INFO] - Completed processing task with ID : 8, and type 'smush' 
[2019-08-02 14:48:24 : INFO] - Set semaphore last lock (smush) time to 2019-08-02 14:48:24 
[2019-08-02 14:48:25 : INFO] - Decremented the semaphore (smush) by 1 
[2019-08-02 14:48:25 : INFO] - Semaphore (smush) unlocked 
[2019-08-02 14:48:25 : INFO] - Successfully processed the queue (smush). 1 tasks were processed out of 1. 
[2019-08-02 14:48:25 : INFO] - Semaphore (smush, di_options) was successfully cleaned up 
[2019-08-02 14:48:25 : INFO] - Cleaning up tasks of type (smush). A total of 6 tasks will be deleted. 
[2019-08-02 14:59:00 : INFO] - 
 
[2019-08-02 14:59:00 : INFO] - Header for logs at time:  Fri, 02 Aug 2019 14:59:00 +0000 on http://localhost/wordpress 
[2019-08-02 14:59:00 : INFO] - WP: 5.2.2 
[2019-08-02 14:59:00 : INFO] - PHP: 7.3.3 (apache2handler, Windows NT PAMEIGLESIAS 10.0 build 18362 (Windows 10) AMD64) 
[2019-08-02 14:59:00 : INFO] - MySQL: 5.5.5 
[2019-08-02 14:59:00 : INFO] - WPLANG: es_ES 
[2019-08-02 14:59:00 : INFO] - Server: Apache/2.4.38 (Win64) OpenSSL/1.1.1b PHP/7.3.3 
[2019-08-02 14:59:00 : INFO] - Outbound connections: N 
[2019-08-02 14:59:00 : INFO] - safe_mode: 0 
[2019-08-02 14:59:00 : INFO] - max_execution_time: 30 
[2019-08-02 14:59:00 : INFO] - memory_limit: 128M (used: 40.8M | 6M) 
[2019-08-02 14:59:00 : INFO] - multisite: N 
[2019-08-02 14:59:00 : INFO] - openssl: OpenSSL 1.1.1a  20 Nov 2018 
[2019-08-02 14:59:00 : INFO] - The queue for tasks of type "smush" is empty. Aborting! 
[2019-08-02 15:07:53 : INFO] - Re_Smush_It_Task with attachment ID : 467, autocreated on : August 02, 2019 03:07:52 
[2019-08-02 15:07:56 : INFO] - Re_Smush_It_Task with attachment ID : 468, autocreated on : August 02, 2019 03:07:55 
[2019-08-02 15:08:00 : INFO] - Re_Smush_It_Task with attachment ID : 469, autocreated on : August 02, 2019 03:07:59 
[2019-08-02 15:08:03 : INFO] - Re_Smush_It_Task with attachment ID : 470, autocreated on : August 02, 2019 03:08:02 
[2019-08-02 15:08:06 : INFO] - Re_Smush_It_Task with attachment ID : 471, autocreated on : August 02, 2019 03:08:05 
[2019-08-02 15:13:14 : INFO] - 
 
[2019-08-02 15:13:14 : INFO] - Header for logs at time:  Fri, 02 Aug 2019 15:13:14 +0000 on http://localhost/wordpress 
[2019-08-02 15:13:14 : INFO] - WP: 5.2.2 
[2019-08-02 15:13:14 : INFO] - PHP: 7.3.3 (apache2handler, Windows NT PAMEIGLESIAS 10.0 build 18362 (Windows 10) AMD64) 
[2019-08-02 15:13:14 : INFO] - MySQL: 5.5.5 
[2019-08-02 15:13:14 : INFO] - WPLANG: es_ES 
[2019-08-02 15:13:14 : INFO] - Server: Apache/2.4.38 (Win64) OpenSSL/1.1.1b PHP/7.3.3 
[2019-08-02 15:13:14 : INFO] - Outbound connections: N 
[2019-08-02 15:13:14 : INFO] - safe_mode: 0 
[2019-08-02 15:13:14 : INFO] - max_execution_time: 30 
[2019-08-02 15:13:14 : INFO] - memory_limit: 128M (used: 40.8M | 6M) 
[2019-08-02 15:13:14 : INFO] - multisite: N 
[2019-08-02 15:13:14 : INFO] - openssl: OpenSSL 1.1.1a  20 Nov 2018 
[2019-08-02 15:13:14 : INFO] - A total of 5 tasks of type smush found and will be processed in this iteration 
[2019-08-02 15:13:15 : INFO] - Set semaphore last lock (smush) time to 2019-08-02 15:13:15 
[2019-08-02 15:13:15 : INFO] - Semaphore lock (smush) complete 
[2019-08-02 15:13:15 : INFO] - Processing task with ID : 9, and type 'smush' 
[2019-08-02 15:13:15 : INFO] - Re_Smush_It_Task with attachment ID : 467, autocreated on : August 02, 2019 03:07:52 
[2019-08-02 15:13:15 : INFO] - 100 
[2019-08-02 15:13:19 : INFO] - Task with ID 9 and type (smush) failed with error code http_request_failed - cURL error 56: Recv failure: Connection was reset 
[2019-08-02 15:13:20 : INFO] - Cannot establish connection with reSmush.it webservice. Please try later 
[2019-08-02 15:13:20 : INFO] - Processing task with ID : 10, and type 'smush' 
[2019-08-02 15:13:21 : INFO] - Re_Smush_It_Task with attachment ID : 468, autocreated on : August 02, 2019 03:07:55 
[2019-08-02 15:13:21 : INFO] - 100 
[2019-08-02 15:13:25 : INFO] - Backing up the original image - C:/xampp/htdocs/wordpress/wp-content/uploads/2019/08/madre-updraft-pre-smush-original.png 
[2019-08-02 15:13:26 : INFO] - Successfully optimized the image - C:\xampp\htdocs\wordpress/wp-content/uploads/2019/08/madre.png.El archivo ha sido comprimido de 17.55 KB a 7.47 KB ahorrando un 57.43 por ciento utilizando WP-Optimize 
[2019-08-02 15:13:27 : INFO] - Completed processing task with ID : 10, and type 'smush' 
[2019-08-02 15:13:27 : INFO] - Processing task with ID : 11, and type 'smush' 
[2019-08-02 15:13:28 : INFO] - Re_Smush_It_Task with attachment ID : 469, autocreated on : August 02, 2019 03:07:59 
[2019-08-02 15:13:28 : INFO] - 100 
[2019-08-02 15:13:30 : INFO] - Task with ID 11 and type (smush) failed with error code 402 - Cannot copy from uploaded file 
[2019-08-02 15:13:30 : INFO] - Processing task with ID : 12, and type 'smush' 
[2019-08-02 15:13:30 : INFO] - Re_Smush_It_Task with attachment ID : 470, autocreated on : August 02, 2019 03:08:02 
[2019-08-02 15:13:30 : INFO] - 100 
[2019-08-02 15:13:32 : INFO] - Task with ID 12 and type (smush) failed with error code 402 - Cannot copy from uploaded file 
[2019-08-02 15:13:33 : INFO] - Processing task with ID : 13, and type 'smush' 
[2019-08-02 15:13:33 : INFO] - Re_Smush_It_Task with attachment ID : 471, autocreated on : August 02, 2019 03:08:05 
[2019-08-02 15:13:33 : INFO] - 100 
[2019-08-02 15:13:56 : INFO] - Task with ID 13 and type (smush) failed with error code invalid_response - The Smush process failed with an invalid response from the server 
[2019-08-02 15:13:57 : INFO] - Set semaphore last lock (smush) time to 2019-08-02 15:13:57 
[2019-08-02 15:13:57 : INFO] - Decremented the semaphore (smush) by 1 
[2019-08-02 15:13:57 : INFO] - Semaphore (smush) unlocked 
[2019-08-02 15:13:57 : INFO] - Successfully processed the queue (smush). 5 tasks were processed out of 5. 
[2019-08-02 15:13:57 : INFO] - Semaphore (smush, di_options) was successfully cleaned up 
[2019-08-02 15:13:57 : INFO] - Cleaning up tasks of type (smush). A total of 5 tasks will be deleted. 
[2019-08-02 15:23:44 : INFO] - 
 
[2019-08-02 15:23:44 : INFO] - Header for logs at time:  Fri, 02 Aug 2019 15:23:44 +0000 on http://localhost/wordpress 
[2019-08-02 15:23:44 : INFO] - WP: 5.2.2 
[2019-08-02 15:23:44 : INFO] - PHP: 7.3.3 (apache2handler, Windows NT PAMEIGLESIAS 10.0 build 18362 (Windows 10) AMD64) 
[2019-08-02 15:23:44 : INFO] - MySQL: 5.5.5 
[2019-08-02 15:23:44 : INFO] - WPLANG: es_ES 
[2019-08-02 15:23:44 : INFO] - Server: Apache/2.4.38 (Win64) OpenSSL/1.1.1b PHP/7.3.3 
[2019-08-02 15:23:44 : INFO] - Outbound connections: N 
[2019-08-02 15:23:44 : INFO] - safe_mode: 0 
[2019-08-02 15:23:44 : INFO] - max_execution_time: 30 
[2019-08-02 15:23:44 : INFO] - memory_limit: 128M (used: 40.8M | 6M) 
[2019-08-02 15:23:44 : INFO] - multisite: N 
[2019-08-02 15:23:44 : INFO] - openssl: OpenSSL 1.1.1a  20 Nov 2018 
[2019-08-02 15:23:44 : INFO] - The queue for tasks of type "smush" is empty. Aborting! 
[2019-08-02 18:25:58 : INFO] - Re_Smush_It_Task with attachment ID : 480, autocreated on : August 02, 2019 06:25:57 
[2019-08-02 18:26:06 : INFO] - Re_Smush_It_Task with attachment ID : 481, autocreated on : August 02, 2019 06:26:05 
[2019-08-02 18:26:10 : INFO] - Re_Smush_It_Task with attachment ID : 482, autocreated on : August 02, 2019 06:26:09 
[2019-08-02 18:26:13 : INFO] - Re_Smush_It_Task with attachment ID : 483, autocreated on : August 02, 2019 06:26:12 
[2019-08-02 18:31:28 : INFO] - 
 
[2019-08-02 18:31:28 : INFO] - Header for logs at time:  Fri, 02 Aug 2019 18:31:28 +0000 on http://localhost/wordpress 
[2019-08-02 18:31:28 : INFO] - WP: 5.2.2 
[2019-08-02 18:31:28 : INFO] - PHP: 7.3.3 (apache2handler, Windows NT PAMEIGLESIAS 10.0 build 18362 (Windows 10) AMD64) 
[2019-08-02 18:31:28 : INFO] - MySQL: 5.5.5 
[2019-08-02 18:31:28 : INFO] - WPLANG: es_ES 
[2019-08-02 18:31:28 : INFO] - Server: Apache/2.4.38 (Win64) OpenSSL/1.1.1b PHP/7.3.3 
[2019-08-02 18:31:28 : INFO] - Outbound connections: N 
[2019-08-02 18:31:28 : INFO] - safe_mode: 0 
[2019-08-02 18:31:28 : INFO] - max_execution_time: 30 
[2019-08-02 18:31:28 : INFO] - memory_limit: 128M (used: 40.8M | 6M) 
[2019-08-02 18:31:28 : INFO] - multisite: N 
[2019-08-02 18:31:28 : INFO] - openssl: OpenSSL 1.1.1a  20 Nov 2018 
[2019-08-02 18:31:28 : INFO] - A total of 4 tasks of type smush found and will be processed in this iteration 
[2019-08-02 18:31:29 : INFO] - Set semaphore last lock (smush) time to 2019-08-02 18:31:29 
[2019-08-02 18:31:29 : INFO] - Semaphore lock (smush) complete 
[2019-08-02 18:31:29 : INFO] - Processing task with ID : 14, and type 'smush' 
[2019-08-02 18:31:29 : INFO] - Re_Smush_It_Task with attachment ID : 480, autocreated on : August 02, 2019 06:25:57 
[2019-08-02 18:31:29 : INFO] - 100 
[2019-08-02 18:31:32 : INFO] - Backing up the original image - C:/xampp/htdocs/wordpress/wp-content/uploads/2019/08/pet_frinedly-updraft-pre-smush-original.png 
[2019-08-02 18:31:32 : INFO] - Re_Smush_It_Task with attachment ID : 480, autocreated on : August 02, 2019 06:25:57 
[2019-08-02 18:31:32 : INFO] - 100 
[2019-08-02 18:31:35 : INFO] - Successfully optimized the image - C:\xampp\htdocs\wordpress/wp-content/uploads/2019/08/pet_frinedly.png.El archivo ha sido comprimido de 4.28 KB a 2.29 KB ahorrando un 46.42 por ciento utilizando WP-Optimize 
[2019-08-02 18:31:36 : INFO] - Completed processing task with ID : 14, and type 'smush' 
[2019-08-02 18:31:36 : INFO] - Processing task with ID : 15, and type 'smush' 
[2019-08-02 18:31:36 : INFO] - Re_Smush_It_Task with attachment ID : 481, autocreated on : August 02, 2019 06:26:05 
[2019-08-02 18:31:36 : INFO] - 100 
[2019-08-02 18:31:38 : INFO] - Backing up the original image - C:/xampp/htdocs/wordpress/wp-content/uploads/2019/08/solidario-updraft-pre-smush-original.png 
[2019-08-02 18:31:38 : INFO] - Re_Smush_It_Task with attachment ID : 481, autocreated on : August 02, 2019 06:26:05 
[2019-08-02 18:31:38 : INFO] - 100 
[2019-08-02 18:31:41 : INFO] - Successfully optimized the image - C:\xampp\htdocs\wordpress/wp-content/uploads/2019/08/solidario.png.El archivo ha sido comprimido de 3.49 KB a 1.88 KB ahorrando un 46.23 por ciento utilizando WP-Optimize 
[2019-08-02 18:31:41 : INFO] - Completed processing task with ID : 15, and type 'smush' 
[2019-08-02 18:31:41 : INFO] - Processing task with ID : 16, and type 'smush' 
[2019-08-02 18:31:42 : INFO] - Re_Smush_It_Task with attachment ID : 482, autocreated on : August 02, 2019 06:26:09 
[2019-08-02 18:31:42 : INFO] - 100 
[2019-08-02 18:31:44 : INFO] - Backing up the original image - C:/xampp/htdocs/wordpress/wp-content/uploads/2019/08/calidad-updraft-pre-smush-original.png 
[2019-08-02 18:31:44 : INFO] - Re_Smush_It_Task with attachment ID : 482, autocreated on : August 02, 2019 06:26:09 
[2019-08-02 18:31:44 : INFO] - 100 
[2019-08-02 18:31:54 : INFO] - Task with ID 16 and type (smush) failed with error code http_request_failed - cURL error 28: Connection timed out after 10000 milliseconds 
[2019-08-02 18:31:54 : INFO] - Cannot establish connection with reSmush.it webservice. Please try later 
[2019-08-02 18:31:55 : INFO] - Successfully optimized the image - C:\xampp\htdocs\wordpress/wp-content/uploads/2019/08/calidad.png.El archivo ha sido comprimido de 4.24 KB a 2.10 KB ahorrando un 50.39 por ciento utilizando WP-Optimize 
[2019-08-02 18:31:55 : INFO] - Completed processing task with ID : 16, and type 'smush' 
[2019-08-02 18:31:55 : INFO] - Set semaphore last lock (smush) time to 2019-08-02 18:31:55 
[2019-08-02 18:31:55 : INFO] - Processing task with ID : 17, and type 'smush' 
[2019-08-02 18:31:55 : INFO] - Re_Smush_It_Task with attachment ID : 483, autocreated on : August 02, 2019 06:26:12 
[2019-08-02 18:31:55 : INFO] - 100 
[2019-08-02 18:32:19 : INFO] - Task with ID 17 and type (smush) failed with error code invalid_response - The Smush process failed with an invalid response from the server 
[2019-08-02 18:32:19 : INFO] - Set semaphore last lock (smush) time to 2019-08-02 18:32:19 
[2019-08-02 18:32:19 : INFO] - Decremented the semaphore (smush) by 1 
[2019-08-02 18:32:20 : INFO] - Semaphore (smush) unlocked 
[2019-08-02 18:32:20 : INFO] - Successfully processed the queue (smush). 4 tasks were processed out of 4. 
[2019-08-02 18:32:20 : INFO] - Semaphore (smush, di_options) was successfully cleaned up 
[2019-08-02 18:32:20 : INFO] - Cleaning up tasks of type (smush). A total of 4 tasks will be deleted. 
[2019-08-02 18:43:07 : INFO] - 
 
[2019-08-02 18:43:07 : INFO] - Header for logs at time:  Fri, 02 Aug 2019 18:43:07 +0000 on http://localhost/wordpress 
[2019-08-02 18:43:07 : INFO] - WP: 5.2.2 
[2019-08-02 18:43:07 : INFO] - PHP: 7.3.3 (apache2handler, Windows NT PAMEIGLESIAS 10.0 build 18362 (Windows 10) AMD64) 
[2019-08-02 18:43:07 : INFO] - MySQL: 5.5.5 
[2019-08-02 18:43:08 : INFO] - WPLANG: es_ES 
[2019-08-02 18:43:08 : INFO] - Server: Apache/2.4.38 (Win64) OpenSSL/1.1.1b PHP/7.3.3 
[2019-08-02 18:43:08 : INFO] - Outbound connections: N 
[2019-08-02 18:43:08 : INFO] - safe_mode: 0 
[2019-08-02 18:43:08 : INFO] - max_execution_time: 30 
[2019-08-02 18:43:08 : INFO] - memory_limit: 128M (used: 40.8M | 6M) 
[2019-08-02 18:43:08 : INFO] - multisite: N 
[2019-08-02 18:43:08 : INFO] - openssl: OpenSSL 1.1.1a  20 Nov 2018 
[2019-08-02 18:43:08 : INFO] - The queue for tasks of type "smush" is empty. Aborting! 
[2019-08-02 18:55:02 : INFO] - Re_Smush_It_Task with attachment ID : 484, autocreated on : August 02, 2019 06:55:01 
[2019-08-02 18:55:05 : INFO] - Re_Smush_It_Task with attachment ID : 485, autocreated on : August 02, 2019 06:55:04 
[2019-08-02 18:55:09 : INFO] - Re_Smush_It_Task with attachment ID : 486, autocreated on : August 02, 2019 06:55:07 
[2019-08-02 18:55:12 : INFO] - Re_Smush_It_Task with attachment ID : 488, autocreated on : August 02, 2019 06:55:10 
[2019-08-02 19:00:15 : INFO] - 
 
[2019-08-02 19:00:15 : INFO] - Header for logs at time:  Fri, 02 Aug 2019 19:00:15 +0000 on http://localhost/wordpress 
[2019-08-02 19:00:15 : INFO] - WP: 5.2.2 
[2019-08-02 19:00:15 : INFO] - PHP: 7.3.3 (apache2handler, Windows NT PAMEIGLESIAS 10.0 build 18362 (Windows 10) AMD64) 
[2019-08-02 19:00:15 : INFO] - MySQL: 5.5.5 
[2019-08-02 19:00:15 : INFO] - WPLANG: es_ES 
[2019-08-02 19:00:15 : INFO] - Server: Apache/2.4.38 (Win64) OpenSSL/1.1.1b PHP/7.3.3 
[2019-08-02 19:00:15 : INFO] - Outbound connections: N 
[2019-08-02 19:00:15 : INFO] - safe_mode: 0 
[2019-08-02 19:00:15 : INFO] - max_execution_time: 30 
[2019-08-02 19:00:15 : INFO] - memory_limit: 128M (used: 40.8M | 6M) 
[2019-08-02 19:00:15 : INFO] - multisite: N 
[2019-08-02 19:00:15 : INFO] - openssl: OpenSSL 1.1.1a  20 Nov 2018 
[2019-08-02 19:00:15 : INFO] - A total of 4 tasks of type smush found and will be processed in this iteration 
[2019-08-02 19:00:15 : INFO] - Set semaphore last lock (smush) time to 2019-08-02 19:00:15 
[2019-08-02 19:00:15 : INFO] - Semaphore lock (smush) complete 
[2019-08-02 19:00:16 : INFO] - Processing task with ID : 18, and type 'smush' 
[2019-08-02 19:00:16 : INFO] - Re_Smush_It_Task with attachment ID : 484, autocreated on : August 02, 2019 06:55:01 
[2019-08-02 19:00:16 : INFO] - 100 
[2019-08-02 19:00:19 : INFO] - Backing up the original image - C:/xampp/htdocs/wordpress/wp-content/uploads/2019/08/pet_frinedly-updraft-pre-smush-original.png 
[2019-08-02 19:00:19 : INFO] - Successfully optimized the image - C:\xampp\htdocs\wordpress/wp-content/uploads/2019/08/pet_frinedly.png.El archivo ha sido comprimido de 3.16 KB a 1.71 KB ahorrando un 45.93 por ciento utilizando WP-Optimize 
[2019-08-02 19:00:19 : INFO] - Completed processing task with ID : 18, and type 'smush' 
[2019-08-02 19:00:19 : INFO] - Processing task with ID : 19, and type 'smush' 
[2019-08-02 19:00:20 : INFO] - Re_Smush_It_Task with attachment ID : 485, autocreated on : August 02, 2019 06:55:04 
[2019-08-02 19:00:20 : INFO] - 100 
[2019-08-02 19:00:22 : INFO] - Backing up the original image - C:/xampp/htdocs/wordpress/wp-content/uploads/2019/08/solidario-updraft-pre-smush-original.png 
[2019-08-02 19:00:22 : INFO] - Successfully optimized the image - C:\xampp\htdocs\wordpress/wp-content/uploads/2019/08/solidario.png.El archivo ha sido comprimido de 2.88 KB a 1.57 KB ahorrando un 45.35 por ciento utilizando WP-Optimize 
[2019-08-02 19:00:23 : INFO] - Completed processing task with ID : 19, and type 'smush' 
[2019-08-02 19:00:23 : INFO] - Processing task with ID : 20, and type 'smush' 
[2019-08-02 19:00:23 : INFO] - Re_Smush_It_Task with attachment ID : 486, autocreated on : August 02, 2019 06:55:07 
[2019-08-02 19:00:23 : INFO] - 100 
[2019-08-02 19:00:26 : INFO] - Backing up the original image - C:/xampp/htdocs/wordpress/wp-content/uploads/2019/08/calidad-updraft-pre-smush-original.png 
[2019-08-02 19:00:26 : INFO] - Successfully optimized the image - C:\xampp\htdocs\wordpress/wp-content/uploads/2019/08/calidad.png.El archivo ha sido comprimido de 2.98 KB a 1.54 KB ahorrando un 48.17 por ciento utilizando WP-Optimize 
[2019-08-02 19:00:27 : INFO] - Completed processing task with ID : 20, and type 'smush' 
[2019-08-02 19:00:28 : INFO] - Processing task with ID : 21, and type 'smush' 
[2019-08-02 19:00:28 : INFO] - Re_Smush_It_Task with attachment ID : 488, autocreated on : August 02, 2019 06:55:10 
[2019-08-02 19:00:28 : INFO] - 100 
[2019-08-02 19:00:30 : INFO] - Backing up the original image - C:/xampp/htdocs/wordpress/wp-content/uploads/2019/08/eco_friendly-updraft-pre-smush-original.png 
[2019-08-02 19:00:31 : INFO] - Successfully optimized the image - C:\xampp\htdocs\wordpress/wp-content/uploads/2019/08/eco_friendly.png.El archivo ha sido comprimido de 3.01 KB a 1.61 KB ahorrando un 46.38 por ciento utilizando WP-Optimize 
[2019-08-02 19:00:31 : INFO] - Completed processing task with ID : 21, and type 'smush' 
[2019-08-02 19:00:32 : INFO] - Decremented the semaphore (smush) by 1 
[2019-08-02 19:00:32 : INFO] - Semaphore (smush) unlocked 
[2019-08-02 19:00:32 : INFO] - Successfully processed the queue (smush). 4 tasks were processed out of 4. 
[2019-08-02 19:00:32 : INFO] - Semaphore (smush, di_options) was successfully cleaned up 
[2019-08-02 19:00:32 : INFO] - Cleaning up tasks of type (smush). A total of 4 tasks will be deleted. 
[2019-08-02 19:12:09 : INFO] - 
 
[2019-08-02 19:12:09 : INFO] - Header for logs at time:  Fri, 02 Aug 2019 19:12:09 +0000 on http://localhost/wordpress 
[2019-08-02 19:12:10 : INFO] - WP: 5.2.2 
[2019-08-02 19:12:10 : INFO] - PHP: 7.3.3 (apache2handler, Windows NT PAMEIGLESIAS 10.0 build 18362 (Windows 10) AMD64) 
[2019-08-02 19:12:10 : INFO] - MySQL: 5.5.5 
[2019-08-02 19:12:10 : INFO] - WPLANG: es_ES 
[2019-08-02 19:12:10 : INFO] - Server: Apache/2.4.38 (Win64) OpenSSL/1.1.1b PHP/7.3.3 
[2019-08-02 19:12:10 : INFO] - Outbound connections: N 
[2019-08-02 19:12:10 : INFO] - safe_mode: 0 
[2019-08-02 19:12:10 : INFO] - max_execution_time: 30 
[2019-08-02 19:12:10 : INFO] - memory_limit: 128M (used: 40.8M | 6M) 
[2019-08-02 19:12:10 : INFO] - multisite: N 
[2019-08-02 19:12:10 : INFO] - openssl: OpenSSL 1.1.1a  20 Nov 2018 
[2019-08-02 19:12:10 : INFO] - The queue for tasks of type "smush" is empty. Aborting! 
[2019-08-04 20:51:06 : INFO] - Re_Smush_It_Task with attachment ID : 511, autocreated on : August 04, 2019 08:51:04 
[2019-08-04 20:51:12 : INFO] - Re_Smush_It_Task with attachment ID : 512, autocreated on : August 04, 2019 08:51:10 
[2019-08-04 20:56:12 : INFO] - 
 
[2019-08-04 20:56:12 : INFO] - Header for logs at time:  Sun, 04 Aug 2019 20:56:12 +0000 on http://localhost/wordpress 
[2019-08-04 20:56:12 : INFO] - WP: 5.2.2 
[2019-08-04 20:56:12 : INFO] - PHP: 7.3.3 (apache2handler, Windows NT PAMEIGLESIAS 10.0 build 18362 (Windows 10) AMD64) 
[2019-08-04 20:56:12 : INFO] - MySQL: 5.5.5 
[2019-08-04 20:56:12 : INFO] - WPLANG: es_ES 
[2019-08-04 20:56:12 : INFO] - Server: Apache/2.4.38 (Win64) OpenSSL/1.1.1b PHP/7.3.3 
[2019-08-04 20:56:12 : INFO] - Outbound connections: N 
[2019-08-04 20:56:12 : INFO] - safe_mode: 0 
[2019-08-04 20:56:12 : INFO] - max_execution_time: 30 
[2019-08-04 20:56:12 : INFO] - memory_limit: 128M (used: 40.8M | 6M) 
[2019-08-04 20:56:12 : INFO] - multisite: N 
[2019-08-04 20:56:12 : INFO] - openssl: OpenSSL 1.1.1a  20 Nov 2018 
[2019-08-04 20:56:12 : INFO] - A total of 2 tasks of type smush found and will be processed in this iteration 
[2019-08-04 20:56:12 : INFO] - Set semaphore last lock (smush) time to 2019-08-04 20:56:12 
[2019-08-04 20:56:12 : INFO] - Semaphore lock (smush) complete 
[2019-08-04 20:56:12 : INFO] - Processing task with ID : 1, and type 'smush' 
[2019-08-04 20:56:13 : INFO] - Re_Smush_It_Task with attachment ID : 511, autocreated on : August 04, 2019 08:51:04 
[2019-08-04 20:56:13 : INFO] - 100 
[2019-08-04 20:56:13 : INFO] - Task with ID 1 and type (smush) failed with error code http_request_failed - cURL error 6: Could not resolve host: api.resmush.it 
[2019-08-04 20:56:14 : INFO] - Cannot establish connection with reSmush.it webservice. Please try later 
[2019-08-04 20:56:14 : INFO] - Re_Smush_It_Task with attachment ID : 511, autocreated on : August 04, 2019 08:51:04 
[2019-08-04 20:56:14 : INFO] - 100 
[2019-08-04 20:56:14 : INFO] - Task with ID 1 and type (smush) failed with error code http_request_failed - cURL error 6: Could not resolve host: api.resmush.it 
[2019-08-04 20:56:14 : INFO] - Cannot establish connection with reSmush.it webservice. Please try later 
[2019-08-04 20:56:14 : INFO] - Re_Smush_It_Task with attachment ID : 511, autocreated on : August 04, 2019 08:51:04 
[2019-08-04 20:56:14 : INFO] - 100 
[2019-08-04 20:56:15 : INFO] - Task with ID 1 and type (smush) failed with error code http_request_failed - cURL error 6: Could not resolve host: api.resmush.it 
[2019-08-04 20:56:15 : INFO] - Cannot establish connection with reSmush.it webservice. Please try later 
[2019-08-04 20:56:16 : INFO] - Processing task with ID : 2, and type 'smush' 
[2019-08-04 20:56:16 : INFO] - Re_Smush_It_Task with attachment ID : 512, autocreated on : August 04, 2019 08:51:10 
[2019-08-04 20:56:16 : INFO] - 100 
[2019-08-04 20:56:16 : INFO] - Task with ID 2 and type (smush) failed with error code http_request_failed - cURL error 6: Could not resolve host: api.resmush.it 
[2019-08-04 20:56:17 : INFO] - Cannot establish connection with reSmush.it webservice. Please try later 
[2019-08-04 20:56:17 : INFO] - Re_Smush_It_Task with attachment ID : 512, autocreated on : August 04, 2019 08:51:10 
[2019-08-04 20:56:17 : INFO] - 100 
[2019-08-04 20:56:17 : INFO] - Task with ID 2 and type (smush) failed with error code http_request_failed - cURL error 6: Could not resolve host: api.resmush.it 
[2019-08-04 20:56:18 : INFO] - Cannot establish connection with reSmush.it webservice. Please try later 
[2019-08-04 20:56:18 : INFO] - Re_Smush_It_Task with attachment ID : 512, autocreated on : August 04, 2019 08:51:10 
[2019-08-04 20:56:18 : INFO] - 100 
[2019-08-04 20:56:18 : INFO] - Task with ID 2 and type (smush) failed with error code http_request_failed - cURL error 6: Could not resolve host: api.resmush.it 
[2019-08-04 20:56:18 : INFO] - Cannot establish connection with reSmush.it webservice. Please try later 
[2019-08-04 20:56:18 : INFO] - Decremented the semaphore (smush) by 1 
[2019-08-04 20:56:18 : INFO] - Semaphore (smush) unlocked 
[2019-08-04 20:56:18 : INFO] - Successfully processed the queue (smush). 2 tasks were processed out of 2. 
[2019-08-04 20:56:19 : INFO] - Semaphore (smush, di_options) was successfully cleaned up 
[2019-08-04 20:56:19 : INFO] - Cleaning up tasks of type (smush). A total of 2 tasks will be deleted. 
[2019-08-04 21:07:20 : INFO] - 
 
[2019-08-04 21:07:20 : INFO] - Header for logs at time:  Sun, 04 Aug 2019 21:07:20 +0000 on http://localhost/wordpress 
[2019-08-04 21:07:20 : INFO] - WP: 5.2.2 
[2019-08-04 21:07:20 : INFO] - PHP: 7.3.3 (apache2handler, Windows NT PAMEIGLESIAS 10.0 build 18362 (Windows 10) AMD64) 
[2019-08-04 21:07:20 : INFO] - MySQL: 5.5.5 
[2019-08-04 21:07:21 : INFO] - WPLANG: es_ES 
[2019-08-04 21:07:21 : INFO] - Server: Apache/2.4.38 (Win64) OpenSSL/1.1.1b PHP/7.3.3 
[2019-08-04 21:07:21 : INFO] - Outbound connections: N 
[2019-08-04 21:07:21 : INFO] - safe_mode: 0 
[2019-08-04 21:07:21 : INFO] - max_execution_time: 30 
[2019-08-04 21:07:21 : INFO] - memory_limit: 128M (used: 40.8M | 6M) 
[2019-08-04 21:07:21 : INFO] - multisite: N 
[2019-08-04 21:07:21 : INFO] - openssl: OpenSSL 1.1.1a  20 Nov 2018 
[2019-08-04 21:07:21 : INFO] - The queue for tasks of type "smush" is empty. Aborting! 
[2019-08-04 21:07:57 : INFO] - Re_Smush_It_Task with attachment ID : 515, autocreated on : August 04, 2019 09:07:56 
[2019-08-04 21:08:01 : INFO] - Re_Smush_It_Task with attachment ID : 516, autocreated on : August 04, 2019 09:08:00 
[2019-08-04 21:13:38 : INFO] - 
 
[2019-08-04 21:13:38 : INFO] - Header for logs at time:  Sun, 04 Aug 2019 21:13:38 +0000 on http://localhost/wordpress 
[2019-08-04 21:13:38 : INFO] - WP: 5.2.2 
[2019-08-04 21:13:38 : INFO] - PHP: 7.3.3 (apache2handler, Windows NT PAMEIGLESIAS 10.0 build 18362 (Windows 10) AMD64) 
[2019-08-04 21:13:38 : INFO] - MySQL: 5.5.5 
[2019-08-04 21:13:38 : INFO] - WPLANG: es_ES 
[2019-08-04 21:13:38 : INFO] - Server: Apache/2.4.38 (Win64) OpenSSL/1.1.1b PHP/7.3.3 
[2019-08-04 21:13:38 : INFO] - Outbound connections: N 
[2019-08-04 21:13:38 : INFO] - safe_mode: 0 
[2019-08-04 21:13:38 : INFO] - max_execution_time: 30 
[2019-08-04 21:13:38 : INFO] - memory_limit: 128M (used: 40.8M | 6M) 
[2019-08-04 21:13:38 : INFO] - multisite: N 
[2019-08-04 21:13:38 : INFO] - openssl: OpenSSL 1.1.1a  20 Nov 2018 
[2019-08-04 21:13:39 : INFO] - A total of 2 tasks of type smush found and will be processed in this iteration 
[2019-08-04 21:13:39 : INFO] - Set semaphore last lock (smush) time to 2019-08-04 21:13:39 
[2019-08-04 21:13:39 : INFO] - Semaphore lock (smush) complete 
[2019-08-04 21:13:40 : INFO] - Processing task with ID : 3, and type 'smush' 
[2019-08-04 21:13:40 : INFO] - Re_Smush_It_Task with attachment ID : 515, autocreated on : August 04, 2019 09:07:56 
[2019-08-04 21:13:40 : INFO] - 100 
[2019-08-04 21:13:47 : INFO] - Backing up the original image - C:/xampp/htdocs/wordpress/wp-content/uploads/2019/08/smallones-updraft-pre-smush-original.png 
[2019-08-04 21:13:47 : INFO] - Re_Smush_It_Task with attachment ID : 515, autocreated on : August 04, 2019 09:07:56 
[2019-08-04 21:13:47 : INFO] - 100 
[2019-08-04 21:13:50 : INFO] - Re_Smush_It_Task with attachment ID : 515, autocreated on : August 04, 2019 09:07:56 
[2019-08-04 21:13:50 : INFO] - 100 
[2019-08-04 21:13:54 : INFO] - Re_Smush_It_Task with attachment ID : 515, autocreated on : August 04, 2019 09:07:56 
[2019-08-04 21:13:54 : INFO] - 100 
[2019-08-04 21:14:00 : INFO] - Successfully optimized the image - C:\xampp\htdocs\wordpress/wp-content/uploads/2019/08/smallones.png.El archivo ha sido comprimido de 58.67 KB a 17.50 KB ahorrando un 70.17 por ciento utilizando WP-Optimize 
[2019-08-04 21:14:01 : INFO] - Completed processing task with ID : 3, and type 'smush' 
[2019-08-04 21:14:01 : INFO] - Set semaphore last lock (smush) time to 2019-08-04 21:14:01 
[2019-08-04 21:14:02 : INFO] - Processing task with ID : 4, and type 'smush' 
[2019-08-04 21:14:03 : INFO] - Re_Smush_It_Task with attachment ID : 516, autocreated on : August 04, 2019 09:08:00 
[2019-08-04 21:14:03 : INFO] - 100 
[2019-08-04 21:14:15 : INFO] - Task with ID 4 and type (smush) failed with error code http_request_failed - cURL error 28: Connection timed out after 10000 milliseconds 
[2019-08-04 21:14:16 : INFO] - Cannot establish connection with reSmush.it webservice. Please try later 
[2019-08-04 21:14:17 : INFO] - Re_Smush_It_Task with attachment ID : 516, autocreated on : August 04, 2019 09:08:00 
[2019-08-04 21:14:17 : INFO] - 100 
[2019-08-04 21:14:21 : INFO] - Re_Smush_It_Task with attachment ID : 516, autocreated on : August 04, 2019 09:08:00 
[2019-08-04 21:14:22 : INFO] - 100 
[2019-08-04 21:14:26 : INFO] - Re_Smush_It_Task with attachment ID : 516, autocreated on : August 04, 2019 09:08:00 
[2019-08-04 21:14:26 : INFO] - 100 
[2019-08-04 21:14:51 : INFO] - Task with ID 4 and type (smush) failed with error code invalid_response - The Smush process failed with an invalid response from the server 
[2019-08-04 21:14:52 : INFO] - Successfully optimized the image - C:\xampp\htdocs\wordpress/wp-content/uploads/2019/08/bigones.png.El archivo ha sido comprimido de 63.09 KB a 63.09 KB ahorrando un 0 por ciento utilizando WP-Optimize 
[2019-08-04 21:14:53 : INFO] - Completed processing task with ID : 4, and type 'smush' 
[2019-08-04 21:14:53 : INFO] - Set semaphore last lock (smush) time to 2019-08-04 21:14:53 
[2019-08-04 21:14:54 : INFO] - Decremented the semaphore (smush) by 1 
[2019-08-04 21:14:54 : INFO] - Semaphore (smush) unlocked 
[2019-08-04 21:14:54 : INFO] - Successfully processed the queue (smush). 2 tasks were processed out of 2. 
[2019-08-04 21:14:54 : INFO] - Semaphore (smush, di_options) was successfully cleaned up 
[2019-08-04 21:14:54 : INFO] - Cleaning up tasks of type (smush). A total of 2 tasks will be deleted. 
[2019-08-04 21:28:27 : INFO] - 
 
[2019-08-04 21:28:27 : INFO] - Header for logs at time:  Sun, 04 Aug 2019 21:28:27 +0000 on http://localhost/wordpress 
[2019-08-04 21:28:28 : INFO] - WP: 5.2.2 
[2019-08-04 21:28:28 : INFO] - PHP: 7.3.3 (apache2handler, Windows NT PAMEIGLESIAS 10.0 build 18362 (Windows 10) AMD64) 
[2019-08-04 21:28:28 : INFO] - MySQL: 5.5.5 
[2019-08-04 21:28:28 : INFO] - WPLANG: es_ES 
[2019-08-04 21:28:28 : INFO] - Server: Apache/2.4.38 (Win64) OpenSSL/1.1.1b PHP/7.3.3 
[2019-08-04 21:28:28 : INFO] - Outbound connections: N 
[2019-08-04 21:28:28 : INFO] - safe_mode: 0 
[2019-08-04 21:28:28 : INFO] - max_execution_time: 30 
[2019-08-04 21:28:28 : INFO] - memory_limit: 128M (used: 40.8M | 24M) 
[2019-08-04 21:28:28 : INFO] - multisite: N 
[2019-08-04 21:28:28 : INFO] - openssl: OpenSSL 1.1.1a  20 Nov 2018 
[2019-08-04 21:28:28 : INFO] - The queue for tasks of type "smush" is empty. Aborting! 
[2019-08-05 13:52:30 : INFO] - Could not find file for image: ID=115, file=C:\xampp\htdocs\wordpress/wp-content/uploads/2019/04/cropped-menu-1.jpg 
[2019-08-05 13:52:30 : INFO] - Could not find file for image: ID=113, file=C:\xampp\htdocs\wordpress/wp-content/uploads/2019/04/cropped-menu.jpg 
[2019-08-05 13:52:30 : INFO] - Could not find file for image: ID=37, file=C:\xampp\htdocs\wordpress/wp-content/uploads/2019/04/cropped-timthumb-2.jpg 
[2019-08-05 13:52:30 : INFO] - Could not find file for image: ID=39, file=C:\xampp\htdocs\wordpress/wp-content/uploads/2019/04/cropped-timthumb-1-1.jpg 
[2019-08-05 13:52:30 : INFO] - Could not find file for image: ID=36, file=C:\xampp\htdocs\wordpress/wp-content/uploads/2019/04/cropped-timthumb.jpg 
[2019-08-05 13:53:43 : INFO] - Could not find file for image: ID=115, file=C:\xampp\htdocs\wordpress/wp-content/uploads/2019/04/cropped-menu-1.jpg 
[2019-08-05 13:53:43 : INFO] - Could not find file for image: ID=113, file=C:\xampp\htdocs\wordpress/wp-content/uploads/2019/04/cropped-menu.jpg 
[2019-08-05 13:53:43 : INFO] - Could not find file for image: ID=37, file=C:\xampp\htdocs\wordpress/wp-content/uploads/2019/04/cropped-timthumb-2.jpg 
[2019-08-05 13:53:43 : INFO] - Could not find file for image: ID=39, file=C:\xampp\htdocs\wordpress/wp-content/uploads/2019/04/cropped-timthumb-1-1.jpg 
[2019-08-05 13:53:43 : INFO] - Could not find file for image: ID=36, file=C:\xampp\htdocs\wordpress/wp-content/uploads/2019/04/cropped-timthumb.jpg 
[2019-08-06 01:12:09 : INFO] - Re_Smush_It_Task with attachment ID : 520, autocreated on : August 06, 2019 01:12:06 
[2019-08-06 01:12:09 : INFO] - Re_Smush_It_Task with attachment ID : 521, autocreated on : August 06, 2019 01:12:06 
[2019-08-06 01:17:41 : INFO] - 
 
[2019-08-06 01:17:41 : INFO] - Header for logs at time:  Tue, 06 Aug 2019 01:17:41 +0000 on http://localhost/wordpress 
[2019-08-06 01:17:41 : INFO] - WP: 5.2.2 
[2019-08-06 01:17:41 : INFO] - PHP: 7.3.3 (apache2handler, Windows NT PAMEIGLESIAS 10.0 build 18362 (Windows 10) AMD64) 
[2019-08-06 01:17:41 : INFO] - MySQL: 5.5.5 
[2019-08-06 01:17:41 : INFO] - WPLANG: es_ES 
[2019-08-06 01:17:41 : INFO] - Server: Apache/2.4.38 (Win64) OpenSSL/1.1.1b PHP/7.3.3 
[2019-08-06 01:17:41 : INFO] - Outbound connections: N 
[2019-08-06 01:17:41 : INFO] - safe_mode: 0 
[2019-08-06 01:17:41 : INFO] - max_execution_time: 30 
[2019-08-06 01:17:41 : INFO] - memory_limit: 256M (used: 54.5M | 6M) 
[2019-08-06 01:17:41 : INFO] - multisite: N 
[2019-08-06 01:17:41 : INFO] - openssl: OpenSSL 1.1.1a  20 Nov 2018 
[2019-08-06 01:17:41 : INFO] - A total of 2 tasks of type smush found and will be processed in this iteration 
[2019-08-06 01:17:42 : INFO] - Set semaphore last lock (smush) time to 2019-08-06 01:17:42 
[2019-08-06 01:17:42 : INFO] - Semaphore lock (smush) complete 
[2019-08-06 01:17:43 : INFO] - Processing task with ID : 40, and type 'smush' 
[2019-08-06 01:17:44 : INFO] - Task with ID 40 and type (smush) failed with error code invalid_file_path - The linked attachment ID does not have a valid file path 
[2019-08-06 01:17:45 : INFO] - Processing task with ID : 41, and type 'smush' 
[2019-08-06 01:17:45 : INFO] - Task with ID 41 and type (smush) failed with error code invalid_file_path - The linked attachment ID does not have a valid file path 
[2019-08-06 01:17:46 : INFO] - Decremented the semaphore (smush) by 1 
[2019-08-06 01:17:46 : INFO] - Semaphore (smush) unlocked 
[2019-08-06 01:17:46 : INFO] - Successfully processed the queue (smush). 2 tasks were processed out of 2. 
[2019-08-06 01:17:47 : INFO] - Semaphore (smush, di_options) was successfully cleaned up 
[2019-08-06 01:17:47 : INFO] - Cleaning up tasks of type (smush). A total of 2 tasks will be deleted. 
[2019-08-06 01:27:45 : INFO] - 
 
[2019-08-06 01:27:45 : INFO] - Header for logs at time:  Tue, 06 Aug 2019 01:27:45 +0000 on http://localhost/wordpress 
[2019-08-06 01:27:45 : INFO] - WP: 5.2.2 
[2019-08-06 01:27:45 : INFO] - PHP: 7.3.3 (apache2handler, Windows NT PAMEIGLESIAS 10.0 build 18362 (Windows 10) AMD64) 
[2019-08-06 01:27:45 : INFO] - MySQL: 5.5.5 
[2019-08-06 01:27:45 : INFO] - WPLANG: es_ES 
[2019-08-06 01:27:45 : INFO] - Server: Apache/2.4.38 (Win64) OpenSSL/1.1.1b PHP/7.3.3 
[2019-08-06 01:27:46 : INFO] - Outbound connections: N 
[2019-08-06 01:27:46 : INFO] - safe_mode: 0 
[2019-08-06 01:27:46 : INFO] - max_execution_time: 30 
[2019-08-06 01:27:46 : INFO] - memory_limit: 256M (used: 54.6M | 6M) 
[2019-08-06 01:27:46 : INFO] - multisite: N 
[2019-08-06 01:27:46 : INFO] - openssl: OpenSSL 1.1.1a  20 Nov 2018 
[2019-08-06 01:27:46 : INFO] - The queue for tasks of type "smush" is empty. Aborting! 
[2019-08-06 02:03:23 : INFO] - Re_Smush_It_Task server status: Online 
[2019-08-06 02:03:28 : INFO] - Processing task with ID : 42, and type 'smush' 
[2019-08-06 02:03:28 : INFO] - Processing task with ID : 42, and type 'smush' 
[2019-08-06 02:03:28 : INFO] - Task with ID 42 and type (smush) failed with error code invalid_file_path - The linked attachment ID does not have a valid file path 
[2019-08-06 02:03:28 : INFO] - Task with ID 42 and type (smush) failed with error code invalid_file_path - The linked attachment ID does not have a valid file path 
[2019-08-06 02:04:00 : INFO] - Re_Smush_It_Task with attachment ID : 522, autocreated on : August 06, 2019 02:03:59 
[2019-08-06 02:04:05 : INFO] - Re_Smush_It_Task with attachment ID : 523, autocreated on : August 06, 2019 02:04:04 
[2019-08-06 02:07:45 : INFO] - Could not find file for image: ID=115, file=C:\xampp\htdocs\wordpress/wp-content/uploads/2019/04/cropped-menu-1.jpg 
[2019-08-06 02:07:45 : INFO] - Could not find file for image: ID=113, file=C:\xampp\htdocs\wordpress/wp-content/uploads/2019/04/cropped-menu.jpg 
[2019-08-06 02:07:45 : INFO] - Could not find file for image: ID=37, file=C:\xampp\htdocs\wordpress/wp-content/uploads/2019/04/cropped-timthumb-2.jpg 
[2019-08-06 02:07:46 : INFO] - Could not find file for image: ID=39, file=C:\xampp\htdocs\wordpress/wp-content/uploads/2019/04/cropped-timthumb-1-1.jpg 
[2019-08-06 02:07:46 : INFO] - Could not find file for image: ID=36, file=C:\xampp\htdocs\wordpress/wp-content/uploads/2019/04/cropped-timthumb.jpg 
[2019-08-06 02:07:59 : INFO] - Re_Smush_It_Task server status: Online 
[2019-08-06 02:08:02 : INFO] - Could not find file for image: ID=115, file=C:\xampp\htdocs\wordpress/wp-content/uploads/2019/04/cropped-menu-1.jpg 
[2019-08-06 02:08:02 : INFO] - Could not find file for image: ID=113, file=C:\xampp\htdocs\wordpress/wp-content/uploads/2019/04/cropped-menu.jpg 
[2019-08-06 02:08:02 : INFO] - Could not find file for image: ID=37, file=C:\xampp\htdocs\wordpress/wp-content/uploads/2019/04/cropped-timthumb-2.jpg 
[2019-08-06 02:08:02 : INFO] - Could not find file for image: ID=39, file=C:\xampp\htdocs\wordpress/wp-content/uploads/2019/04/cropped-timthumb-1-1.jpg 
[2019-08-06 02:08:02 : INFO] - Could not find file for image: ID=36, file=C:\xampp\htdocs\wordpress/wp-content/uploads/2019/04/cropped-timthumb.jpg 
[2019-08-06 02:08:02 : INFO] - 
 
[2019-08-06 02:08:02 : INFO] - Header for logs at time:  Tue, 06 Aug 2019 02:08:02 +0000 on http://localhost/wordpress 
[2019-08-06 02:08:02 : INFO] - WP: 5.2.2 
[2019-08-06 02:08:02 : INFO] - PHP: 7.3.3 (apache2handler, Windows NT PAMEIGLESIAS 10.0 build 18362 (Windows 10) AMD64) 
[2019-08-06 02:08:02 : INFO] - MySQL: 5.5.5 
[2019-08-06 02:08:02 : INFO] - WPLANG: es_ES 
[2019-08-06 02:08:02 : INFO] - Server: Apache/2.4.38 (Win64) OpenSSL/1.1.1b PHP/7.3.3 
[2019-08-06 02:08:02 : INFO] - Outbound connections: N 
[2019-08-06 02:08:02 : INFO] - safe_mode: 0 
[2019-08-06 02:08:02 : INFO] - max_execution_time: 30 
[2019-08-06 02:08:02 : INFO] - memory_limit: 256M (used: 64.5M | 6M) 
[2019-08-06 02:08:02 : INFO] - multisite: N 
[2019-08-06 02:08:02 : INFO] - openssl: OpenSSL 1.1.1a  20 Nov 2018 
[2019-08-06 02:08:02 : INFO] - A total of 2 tasks of type smush found and will be processed in this iteration 
[2019-08-06 02:08:03 : INFO] - Set semaphore last lock (smush) time to 2019-08-06 02:08:03 
[2019-08-06 02:08:03 : INFO] - Semaphore lock (smush) complete 
[2019-08-06 02:08:03 : INFO] - Processing task with ID : 43, and type 'smush' 
[2019-08-06 02:08:03 : INFO] - Re_Smush_It_Task with attachment ID : 522, autocreated on : August 06, 2019 02:03:59 
[2019-08-06 02:08:03 : INFO] - 100 
[2019-08-06 02:08:05 : INFO] - Could not find file for image: ID=115, file=C:\xampp\htdocs\wordpress/wp-content/uploads/2019/04/cropped-menu-1.jpg 
[2019-08-06 02:08:05 : INFO] - Could not find file for image: ID=113, file=C:\xampp\htdocs\wordpress/wp-content/uploads/2019/04/cropped-menu.jpg 
[2019-08-06 02:08:05 : INFO] - Could not find file for image: ID=37, file=C:\xampp\htdocs\wordpress/wp-content/uploads/2019/04/cropped-timthumb-2.jpg 
[2019-08-06 02:08:05 : INFO] - Could not find file for image: ID=39, file=C:\xampp\htdocs\wordpress/wp-content/uploads/2019/04/cropped-timthumb-1-1.jpg 
[2019-08-06 02:08:05 : INFO] - Could not find file for image: ID=36, file=C:\xampp\htdocs\wordpress/wp-content/uploads/2019/04/cropped-timthumb.jpg 
[2019-08-06 02:08:08 : INFO] - Backing up the original image - C:/xampp/htdocs/wordpress/wp-content/uploads/2019/08/slider1-updraft-pre-smush-original.jpg 
[2019-08-06 02:08:08 : INFO] - Re_Smush_It_Task with attachment ID : 522, autocreated on : August 06, 2019 02:03:59 
[2019-08-06 02:08:08 : INFO] - 100 
[2019-08-06 02:08:08 : INFO] - Could not find file for image: ID=115, file=C:\xampp\htdocs\wordpress/wp-content/uploads/2019/04/cropped-menu-1.jpg 
[2019-08-06 02:08:08 : INFO] - Could not find file for image: ID=113, file=C:\xampp\htdocs\wordpress/wp-content/uploads/2019/04/cropped-menu.jpg 
[2019-08-06 02:08:08 : INFO] - Could not find file for image: ID=37, file=C:\xampp\htdocs\wordpress/wp-content/uploads/2019/04/cropped-timthumb-2.jpg 
[2019-08-06 02:08:08 : INFO] - Could not find file for image: ID=39, file=C:\xampp\htdocs\wordpress/wp-content/uploads/2019/04/cropped-timthumb-1-1.jpg 
[2019-08-06 02:08:08 : INFO] - Could not find file for image: ID=36, file=C:\xampp\htdocs\wordpress/wp-content/uploads/2019/04/cropped-timthumb.jpg 
[2019-08-06 02:08:11 : INFO] - Re_Smush_It_Task with attachment ID : 522, autocreated on : August 06, 2019 02:03:59 
[2019-08-06 02:08:11 : INFO] - 100 
[2019-08-06 02:08:11 : INFO] - Could not find file for image: ID=115, file=C:\xampp\htdocs\wordpress/wp-content/uploads/2019/04/cropped-menu-1.jpg 
[2019-08-06 02:08:11 : INFO] - Could not find file for image: ID=113, file=C:\xampp\htdocs\wordpress/wp-content/uploads/2019/04/cropped-menu.jpg 
[2019-08-06 02:08:11 : INFO] - Could not find file for image: ID=37, file=C:\xampp\htdocs\wordpress/wp-content/uploads/2019/04/cropped-timthumb-2.jpg 
[2019-08-06 02:08:11 : INFO] - Could not find file for image: ID=39, file=C:\xampp\htdocs\wordpress/wp-content/uploads/2019/04/cropped-timthumb-1-1.jpg 
[2019-08-06 02:08:11 : INFO] - Could not find file for image: ID=36, file=C:\xampp\htdocs\wordpress/wp-content/uploads/2019/04/cropped-timthumb.jpg 
[2019-08-06 02:08:13 : INFO] - Re_Smush_It_Task with attachment ID : 522, autocreated on : August 06, 2019 02:03:59 
[2019-08-06 02:08:13 : INFO] - 100 
[2019-08-06 02:08:15 : INFO] - Could not find file for image: ID=115, file=C:\xampp\htdocs\wordpress/wp-content/uploads/2019/04/cropped-menu-1.jpg 
[2019-08-06 02:08:15 : INFO] - Could not find file for image: ID=113, file=C:\xampp\htdocs\wordpress/wp-content/uploads/2019/04/cropped-menu.jpg 
[2019-08-06 02:08:15 : INFO] - Could not find file for image: ID=37, file=C:\xampp\htdocs\wordpress/wp-content/uploads/2019/04/cropped-timthumb-2.jpg 
[2019-08-06 02:08:15 : INFO] - Could not find file for image: ID=39, file=C:\xampp\htdocs\wordpress/wp-content/uploads/2019/04/cropped-timthumb-1-1.jpg 
[2019-08-06 02:08:15 : INFO] - Could not find file for image: ID=36, file=C:\xampp\htdocs\wordpress/wp-content/uploads/2019/04/cropped-timthumb.jpg 
[2019-08-06 02:08:16 : INFO] - Re_Smush_It_Task with attachment ID : 522, autocreated on : August 06, 2019 02:03:59 
[2019-08-06 02:08:16 : INFO] - 100 
[2019-08-06 02:08:18 : INFO] - Could not find file for image: ID=115, file=C:\xampp\htdocs\wordpress/wp-content/uploads/2019/04/cropped-menu-1.jpg 
[2019-08-06 02:08:18 : INFO] - Could not find file for image: ID=113, file=C:\xampp\htdocs\wordpress/wp-content/uploads/2019/04/cropped-menu.jpg 
[2019-08-06 02:08:18 : INFO] - Could not find file for image: ID=37, file=C:\xampp\htdocs\wordpress/wp-content/uploads/2019/04/cropped-timthumb-2.jpg 
[2019-08-06 02:08:18 : INFO] - Could not find file for image: ID=39, file=C:\xampp\htdocs\wordpress/wp-content/uploads/2019/04/cropped-timthumb-1-1.jpg 
[2019-08-06 02:08:18 : INFO] - Could not find file for image: ID=36, file=C:\xampp\htdocs\wordpress/wp-content/uploads/2019/04/cropped-timthumb.jpg 
[2019-08-06 02:08:21 : INFO] - Could not find file for image: ID=115, file=C:\xampp\htdocs\wordpress/wp-content/uploads/2019/04/cropped-menu-1.jpg 
[2019-08-06 02:08:21 : INFO] - Could not find file for image: ID=113, file=C:\xampp\htdocs\wordpress/wp-content/uploads/2019/04/cropped-menu.jpg 
[2019-08-06 02:08:21 : INFO] - Could not find file for image: ID=37, file=C:\xampp\htdocs\wordpress/wp-content/uploads/2019/04/cropped-timthumb-2.jpg 
[2019-08-06 02:08:21 : INFO] - Could not find file for image: ID=39, file=C:\xampp\htdocs\wordpress/wp-content/uploads/2019/04/cropped-timthumb-1-1.jpg 
[2019-08-06 02:08:21 : INFO] - Could not find file for image: ID=36, file=C:\xampp\htdocs\wordpress/wp-content/uploads/2019/04/cropped-timthumb.jpg 
[2019-08-06 02:08:23 : INFO] - Could not find file for image: ID=115, file=C:\xampp\htdocs\wordpress/wp-content/uploads/2019/04/cropped-menu-1.jpg 
[2019-08-06 02:08:23 : INFO] - Could not find file for image: ID=113, file=C:\xampp\htdocs\wordpress/wp-content/uploads/2019/04/cropped-menu.jpg 
[2019-08-06 02:08:23 : INFO] - Could not find file for image: ID=37, file=C:\xampp\htdocs\wordpress/wp-content/uploads/2019/04/cropped-timthumb-2.jpg 
[2019-08-06 02:08:23 : INFO] - Could not find file for image: ID=39, file=C:\xampp\htdocs\wordpress/wp-content/uploads/2019/04/cropped-timthumb-1-1.jpg 
[2019-08-06 02:08:23 : INFO] - Could not find file for image: ID=36, file=C:\xampp\htdocs\wordpress/wp-content/uploads/2019/04/cropped-timthumb.jpg 
[2019-08-06 02:08:26 : INFO] - Could not find file for image: ID=115, file=C:\xampp\htdocs\wordpress/wp-content/uploads/2019/04/cropped-menu-1.jpg 
[2019-08-06 02:08:26 : INFO] - Could not find file for image: ID=113, file=C:\xampp\htdocs\wordpress/wp-content/uploads/2019/04/cropped-menu.jpg 
[2019-08-06 02:08:26 : INFO] - Could not find file for image: ID=37, file=C:\xampp\htdocs\wordpress/wp-content/uploads/2019/04/cropped-timthumb-2.jpg 
[2019-08-06 02:08:26 : INFO] - Could not find file for image: ID=39, file=C:\xampp\htdocs\wordpress/wp-content/uploads/2019/04/cropped-timthumb-1-1.jpg 
[2019-08-06 02:08:26 : INFO] - Could not find file for image: ID=36, file=C:\xampp\htdocs\wordpress/wp-content/uploads/2019/04/cropped-timthumb.jpg 
[2019-08-06 02:08:27 : INFO] - Task with ID 43 and type (smush) failed with error code http_request_failed - cURL error 28: Connection timed out after 10000 milliseconds 
[2019-08-06 02:08:27 : INFO] - Cannot establish connection with reSmush.it webservice. Please try later 
[2019-08-06 02:08:27 : INFO] - Re_Smush_It_Task with attachment ID : 522, autocreated on : August 06, 2019 02:03:59 
[2019-08-06 02:08:27 : INFO] - 100 
[2019-08-06 02:08:29 : INFO] - Could not find file for image: ID=115, file=C:\xampp\htdocs\wordpress/wp-content/uploads/2019/04/cropped-menu-1.jpg 
[2019-08-06 02:08:29 : INFO] - Could not find file for image: ID=113, file=C:\xampp\htdocs\wordpress/wp-content/uploads/2019/04/cropped-menu.jpg 
[2019-08-06 02:08:29 : INFO] - Could not find file for image: ID=37, file=C:\xampp\htdocs\wordpress/wp-content/uploads/2019/04/cropped-timthumb-2.jpg 
[2019-08-06 02:08:29 : INFO] - Could not find file for image: ID=39, file=C:\xampp\htdocs\wordpress/wp-content/uploads/2019/04/cropped-timthumb-1-1.jpg 
[2019-08-06 02:08:29 : INFO] - Could not find file for image: ID=36, file=C:\xampp\htdocs\wordpress/wp-content/uploads/2019/04/cropped-timthumb.jpg 
[2019-08-06 02:08:32 : INFO] - Could not find file for image: ID=115, file=C:\xampp\htdocs\wordpress/wp-content/uploads/2019/04/cropped-menu-1.jpg 
[2019-08-06 02:08:32 : INFO] - Could not find file for image: ID=113, file=C:\xampp\htdocs\wordpress/wp-content/uploads/2019/04/cropped-menu.jpg 
[2019-08-06 02:08:32 : INFO] - Could not find file for image: ID=37, file=C:\xampp\htdocs\wordpress/wp-content/uploads/2019/04/cropped-timthumb-2.jpg 
[2019-08-06 02:08:32 : INFO] - Could not find file for image: ID=39, file=C:\xampp\htdocs\wordpress/wp-content/uploads/2019/04/cropped-timthumb-1-1.jpg 
[2019-08-06 02:08:32 : INFO] - Could not find file for image: ID=36, file=C:\xampp\htdocs\wordpress/wp-content/uploads/2019/04/cropped-timthumb.jpg 
[2019-08-06 02:08:35 : INFO] - Could not find file for image: ID=115, file=C:\xampp\htdocs\wordpress/wp-content/uploads/2019/04/cropped-menu-1.jpg 
[2019-08-06 02:08:35 : INFO] - Could not find file for image: ID=113, file=C:\xampp\htdocs\wordpress/wp-content/uploads/2019/04/cropped-menu.jpg 
[2019-08-06 02:08:35 : INFO] - Could not find file for image: ID=37, file=C:\xampp\htdocs\wordpress/wp-content/uploads/2019/04/cropped-timthumb-2.jpg 
[2019-08-06 02:08:35 : INFO] - Could not find file for image: ID=39, file=C:\xampp\htdocs\wordpress/wp-content/uploads/2019/04/cropped-timthumb-1-1.jpg 
[2019-08-06 02:08:35 : INFO] - Could not find file for image: ID=36, file=C:\xampp\htdocs\wordpress/wp-content/uploads/2019/04/cropped-timthumb.jpg 
[2019-08-06 02:08:37 : INFO] - Task with ID 43 and type (smush) failed with error code http_request_failed - cURL error 28: Connection timed out after 10001 milliseconds 
[2019-08-06 02:08:38 : INFO] - Cannot establish connection with reSmush.it webservice. Please try later 
[2019-08-06 02:08:38 : INFO] - Successfully optimized the image - C:\xampp\htdocs\wordpress/wp-content/uploads/2019/08/slider1.jpg.El archivo ha sido comprimido de 223.64 KB a 213.01 KB ahorrando un 4.76 por ciento utilizando WP-Optimize 
[2019-08-06 02:08:38 : INFO] - Completed processing task with ID : 43, and type 'smush' 
[2019-08-06 02:08:38 : INFO] - Set semaphore last lock (smush) time to 2019-08-06 02:08:38 
[2019-08-06 02:08:38 : INFO] - Processing task with ID : 44, and type 'smush' 
[2019-08-06 02:08:38 : INFO] - Could not find file for image: ID=115, file=C:\xampp\htdocs\wordpress/wp-content/uploads/2019/04/cropped-menu-1.jpg 
[2019-08-06 02:08:38 : INFO] - Could not find file for image: ID=113, file=C:\xampp\htdocs\wordpress/wp-content/uploads/2019/04/cropped-menu.jpg 
[2019-08-06 02:08:38 : INFO] - Could not find file for image: ID=37, file=C:\xampp\htdocs\wordpress/wp-content/uploads/2019/04/cropped-timthumb-2.jpg 
[2019-08-06 02:08:38 : INFO] - Could not find file for image: ID=39, file=C:\xampp\htdocs\wordpress/wp-content/uploads/2019/04/cropped-timthumb-1-1.jpg 
[2019-08-06 02:08:39 : INFO] - Could not find file for image: ID=36, file=C:\xampp\htdocs\wordpress/wp-content/uploads/2019/04/cropped-timthumb.jpg 
[2019-08-06 02:08:39 : INFO] - Re_Smush_It_Task with attachment ID : 523, autocreated on : August 06, 2019 02:04:04 
[2019-08-06 02:08:39 : INFO] - 100 
[2019-08-06 02:08:42 : INFO] - Could not find file for image: ID=115, file=C:\xampp\htdocs\wordpress/wp-content/uploads/2019/04/cropped-menu-1.jpg 
[2019-08-06 02:08:42 : INFO] - Could not find file for image: ID=113, file=C:\xampp\htdocs\wordpress/wp-content/uploads/2019/04/cropped-menu.jpg 
[2019-08-06 02:08:42 : INFO] - Could not find file for image: ID=37, file=C:\xampp\htdocs\wordpress/wp-content/uploads/2019/04/cropped-timthumb-2.jpg 
[2019-08-06 02:08:42 : INFO] - Could not find file for image: ID=39, file=C:\xampp\htdocs\wordpress/wp-content/uploads/2019/04/cropped-timthumb-1-1.jpg 
[2019-08-06 02:08:42 : INFO] - Could not find file for image: ID=36, file=C:\xampp\htdocs\wordpress/wp-content/uploads/2019/04/cropped-timthumb.jpg 
[2019-08-06 02:08:44 : INFO] - Could not find file for image: ID=115, file=C:\xampp\htdocs\wordpress/wp-content/uploads/2019/04/cropped-menu-1.jpg 
[2019-08-06 02:08:44 : INFO] - Could not find file for image: ID=113, file=C:\xampp\htdocs\wordpress/wp-content/uploads/2019/04/cropped-menu.jpg 
[2019-08-06 02:08:44 : INFO] - Could not find file for image: ID=37, file=C:\xampp\htdocs\wordpress/wp-content/uploads/2019/04/cropped-timthumb-2.jpg 
[2019-08-06 02:08:44 : INFO] - Could not find file for image: ID=39, file=C:\xampp\htdocs\wordpress/wp-content/uploads/2019/04/cropped-timthumb-1-1.jpg 
[2019-08-06 02:08:44 : INFO] - Could not find file for image: ID=36, file=C:\xampp\htdocs\wordpress/wp-content/uploads/2019/04/cropped-timthumb.jpg 
[2019-08-06 02:08:47 : INFO] - Could not find file for image: ID=115, file=C:\xampp\htdocs\wordpress/wp-content/uploads/2019/04/cropped-menu-1.jpg 
[2019-08-06 02:08:47 : INFO] - Could not find file for image: ID=113, file=C:\xampp\htdocs\wordpress/wp-content/uploads/2019/04/cropped-menu.jpg 
[2019-08-06 02:08:47 : INFO] - Could not find file for image: ID=37, file=C:\xampp\htdocs\wordpress/wp-content/uploads/2019/04/cropped-timthumb-2.jpg 
[2019-08-06 02:08:47 : INFO] - Could not find file for image: ID=39, file=C:\xampp\htdocs\wordpress/wp-content/uploads/2019/04/cropped-timthumb-1-1.jpg 
[2019-08-06 02:08:47 : INFO] - Could not find file for image: ID=36, file=C:\xampp\htdocs\wordpress/wp-content/uploads/2019/04/cropped-timthumb.jpg 
[2019-08-06 02:08:49 : INFO] - Task with ID 44 and type (smush) failed with error code http_request_failed - cURL error 28: Connection timed out after 10001 milliseconds 
[2019-08-06 02:08:49 : INFO] - Cannot establish connection with reSmush.it webservice. Please try later 
[2019-08-06 02:08:49 : INFO] - Re_Smush_It_Task with attachment ID : 523, autocreated on : August 06, 2019 02:04:04 
[2019-08-06 02:08:49 : INFO] - 100 
[2019-08-06 02:08:50 : INFO] - Could not find file for image: ID=115, file=C:\xampp\htdocs\wordpress/wp-content/uploads/2019/04/cropped-menu-1.jpg 
[2019-08-06 02:08:50 : INFO] - Could not find file for image: ID=113, file=C:\xampp\htdocs\wordpress/wp-content/uploads/2019/04/cropped-menu.jpg 
[2019-08-06 02:08:50 : INFO] - Could not find file for image: ID=37, file=C:\xampp\htdocs\wordpress/wp-content/uploads/2019/04/cropped-timthumb-2.jpg 
[2019-08-06 02:08:50 : INFO] - Could not find file for image: ID=39, file=C:\xampp\htdocs\wordpress/wp-content/uploads/2019/04/cropped-timthumb-1-1.jpg 
[2019-08-06 02:08:50 : INFO] - Could not find file for image: ID=36, file=C:\xampp\htdocs\wordpress/wp-content/uploads/2019/04/cropped-timthumb.jpg 
[2019-08-06 02:08:53 : INFO] - Re_Smush_It_Task with attachment ID : 523, autocreated on : August 06, 2019 02:04:04 
[2019-08-06 02:08:53 : INFO] - 100 
[2019-08-06 02:08:53 : INFO] - Could not find file for image: ID=115, file=C:\xampp\htdocs\wordpress/wp-content/uploads/2019/04/cropped-menu-1.jpg 
[2019-08-06 02:08:53 : INFO] - Could not find file for image: ID=113, file=C:\xampp\htdocs\wordpress/wp-content/uploads/2019/04/cropped-menu.jpg 
[2019-08-06 02:08:53 : INFO] - Could not find file for image: ID=37, file=C:\xampp\htdocs\wordpress/wp-content/uploads/2019/04/cropped-timthumb-2.jpg 
[2019-08-06 02:08:53 : INFO] - Could not find file for image: ID=39, file=C:\xampp\htdocs\wordpress/wp-content/uploads/2019/04/cropped-timthumb-1-1.jpg 
[2019-08-06 02:08:53 : INFO] - Could not find file for image: ID=36, file=C:\xampp\htdocs\wordpress/wp-content/uploads/2019/04/cropped-timthumb.jpg 
[2019-08-06 02:08:55 : INFO] - Re_Smush_It_Task with attachment ID : 523, autocreated on : August 06, 2019 02:04:04 
[2019-08-06 02:08:55 : INFO] - 100 
[2019-08-06 02:08:56 : INFO] - Could not find file for image: ID=115, file=C:\xampp\htdocs\wordpress/wp-content/uploads/2019/04/cropped-menu-1.jpg 
[2019-08-06 02:08:56 : INFO] - Could not find file for image: ID=113, file=C:\xampp\htdocs\wordpress/wp-content/uploads/2019/04/cropped-menu.jpg 
[2019-08-06 02:08:56 : INFO] - Could not find file for image: ID=37, file=C:\xampp\htdocs\wordpress/wp-content/uploads/2019/04/cropped-timthumb-2.jpg 
[2019-08-06 02:08:56 : INFO] - Could not find file for image: ID=39, file=C:\xampp\htdocs\wordpress/wp-content/uploads/2019/04/cropped-timthumb-1-1.jpg 
[2019-08-06 02:08:56 : INFO] - Could not find file for image: ID=36, file=C:\xampp\htdocs\wordpress/wp-content/uploads/2019/04/cropped-timthumb.jpg 
[2019-08-06 02:08:58 : INFO] - Re_Smush_It_Task with attachment ID : 523, autocreated on : August 06, 2019 02:04:04 
[2019-08-06 02:08:58 : INFO] - 100 
[2019-08-06 02:08:59 : INFO] - Could not find file for image: ID=115, file=C:\xampp\htdocs\wordpress/wp-content/uploads/2019/04/cropped-menu-1.jpg 
[2019-08-06 02:08:59 : INFO] - Could not find file for image: ID=113, file=C:\xampp\htdocs\wordpress/wp-content/uploads/2019/04/cropped-menu.jpg 
[2019-08-06 02:08:59 : INFO] - Could not find file for image: ID=37, file=C:\xampp\htdocs\wordpress/wp-content/uploads/2019/04/cropped-timthumb-2.jpg 
[2019-08-06 02:08:59 : INFO] - Could not find file for image: ID=39, file=C:\xampp\htdocs\wordpress/wp-content/uploads/2019/04/cropped-timthumb-1-1.jpg 
[2019-08-06 02:08:59 : INFO] - Could not find file for image: ID=36, file=C:\xampp\htdocs\wordpress/wp-content/uploads/2019/04/cropped-timthumb.jpg 
[2019-08-06 02:09:02 : INFO] - Re_Smush_It_Task with attachment ID : 523, autocreated on : August 06, 2019 02:04:04 
[2019-08-06 02:09:02 : INFO] - 100 
[2019-08-06 02:09:05 : INFO] - Could not find file for image: ID=115, file=C:\xampp\htdocs\wordpress/wp-content/uploads/2019/04/cropped-menu-1.jpg 
[2019-08-06 02:09:05 : INFO] - Could not find file for image: ID=113, file=C:\xampp\htdocs\wordpress/wp-content/uploads/2019/04/cropped-menu.jpg 
[2019-08-06 02:09:05 : INFO] - Could not find file for image: ID=37, file=C:\xampp\htdocs\wordpress/wp-content/uploads/2019/04/cropped-timthumb-2.jpg 
[2019-08-06 02:09:05 : INFO] - Could not find file for image: ID=115, file=C:\xampp\htdocs\wordpress/wp-content/uploads/2019/04/cropped-menu-1.jpg 
[2019-08-06 02:09:05 : INFO] - Could not find file for image: ID=39, file=C:\xampp\htdocs\wordpress/wp-content/uploads/2019/04/cropped-timthumb-1-1.jpg 
[2019-08-06 02:09:05 : INFO] - Could not find file for image: ID=36, file=C:\xampp\htdocs\wordpress/wp-content/uploads/2019/04/cropped-timthumb.jpg 
[2019-08-06 02:09:05 : INFO] - Could not find file for image: ID=113, file=C:\xampp\htdocs\wordpress/wp-content/uploads/2019/04/cropped-menu.jpg 
[2019-08-06 02:09:05 : INFO] - Could not find file for image: ID=37, file=C:\xampp\htdocs\wordpress/wp-content/uploads/2019/04/cropped-timthumb-2.jpg 
[2019-08-06 02:09:05 : INFO] - Could not find file for image: ID=39, file=C:\xampp\htdocs\wordpress/wp-content/uploads/2019/04/cropped-timthumb-1-1.jpg 
[2019-08-06 02:09:05 : INFO] - Could not find file for image: ID=36, file=C:\xampp\htdocs\wordpress/wp-content/uploads/2019/04/cropped-timthumb.jpg 
[2019-08-06 02:09:05 : INFO] - 
 
[2019-08-06 02:09:05 : INFO] - Header for logs at time:  Tue, 06 Aug 2019 02:09:05 +0000 on http://localhost/wordpress 
[2019-08-06 02:09:05 : INFO] - WP: 5.2.2 
[2019-08-06 02:09:05 : INFO] - PHP: 7.3.3 (apache2handler, Windows NT PAMEIGLESIAS 10.0 build 18362 (Windows 10) AMD64) 
[2019-08-06 02:09:05 : INFO] - MySQL: 5.5.5 
[2019-08-06 02:09:05 : INFO] - WPLANG: es_ES 
[2019-08-06 02:09:06 : INFO] - Server: Apache/2.4.38 (Win64) OpenSSL/1.1.1b PHP/7.3.3 
[2019-08-06 02:09:06 : INFO] - Outbound connections: N 
[2019-08-06 02:09:06 : INFO] - safe_mode: 0 
[2019-08-06 02:09:06 : INFO] - max_execution_time: 30 
[2019-08-06 02:09:06 : INFO] - memory_limit: 256M (used: 64.7M | 10M) 
[2019-08-06 02:09:06 : INFO] - multisite: N 
[2019-08-06 02:09:06 : INFO] - openssl: OpenSSL 1.1.1a  20 Nov 2018 
[2019-08-06 02:09:06 : INFO] - The queue for tasks of type "smush" is empty. Aborting! 
[2019-08-06 02:09:06 : INFO] - Could not find file for image: ID=115, file=C:\xampp\htdocs\wordpress/wp-content/uploads/2019/04/cropped-menu-1.jpg 
[2019-08-06 02:09:06 : INFO] - Could not find file for image: ID=113, file=C:\xampp\htdocs\wordpress/wp-content/uploads/2019/04/cropped-menu.jpg 
[2019-08-06 02:09:06 : INFO] - Could not find file for image: ID=37, file=C:\xampp\htdocs\wordpress/wp-content/uploads/2019/04/cropped-timthumb-2.jpg 
[2019-08-06 02:09:06 : INFO] - Could not find file for image: ID=39, file=C:\xampp\htdocs\wordpress/wp-content/uploads/2019/04/cropped-timthumb-1-1.jpg 
[2019-08-06 02:09:06 : INFO] - Could not find file for image: ID=36, file=C:\xampp\htdocs\wordpress/wp-content/uploads/2019/04/cropped-timthumb.jpg 
[2019-08-06 02:09:07 : INFO] - 
 
[2019-08-06 02:09:07 : INFO] - Header for logs at time:  Tue, 06 Aug 2019 02:09:07 +0000 on http://localhost/wordpress 
[2019-08-06 02:09:07 : INFO] - WP: 5.2.2 
[2019-08-06 02:09:07 : INFO] - PHP: 7.3.3 (apache2handler, Windows NT PAMEIGLESIAS 10.0 build 18362 (Windows 10) AMD64) 
[2019-08-06 02:09:07 : INFO] - MySQL: 5.5.5 
[2019-08-06 02:09:07 : INFO] - WPLANG: es_ES 
[2019-08-06 02:09:07 : INFO] - Server: Apache/2.4.38 (Win64) OpenSSL/1.1.1b PHP/7.3.3 
[2019-08-06 02:09:07 : INFO] - Outbound connections: N 
[2019-08-06 02:09:07 : INFO] - safe_mode: 0 
[2019-08-06 02:09:07 : INFO] - max_execution_time: 30 
[2019-08-06 02:09:07 : INFO] - memory_limit: 256M (used: 54.5M | 6M) 
[2019-08-06 02:09:07 : INFO] - multisite: N 
[2019-08-06 02:09:07 : INFO] - openssl: OpenSSL 1.1.1a  20 Nov 2018 
[2019-08-06 02:09:07 : INFO] - The queue for tasks of type "smush" is empty. Aborting! 
[2019-08-06 02:09:09 : INFO] - Could not find file for image: ID=115, file=C:\xampp\htdocs\wordpress/wp-content/uploads/2019/04/cropped-menu-1.jpg 
[2019-08-06 02:09:09 : INFO] - Could not find file for image: ID=113, file=C:\xampp\htdocs\wordpress/wp-content/uploads/2019/04/cropped-menu.jpg 
[2019-08-06 02:09:09 : INFO] - Could not find file for image: ID=37, file=C:\xampp\htdocs\wordpress/wp-content/uploads/2019/04/cropped-timthumb-2.jpg 
[2019-08-06 02:09:09 : INFO] - Could not find file for image: ID=39, file=C:\xampp\htdocs\wordpress/wp-content/uploads/2019/04/cropped-timthumb-1-1.jpg 
[2019-08-06 02:09:09 : INFO] - Could not find file for image: ID=36, file=C:\xampp\htdocs\wordpress/wp-content/uploads/2019/04/cropped-timthumb.jpg 
[2019-08-06 02:09:11 : INFO] - Could not find file for image: ID=115, file=C:\xampp\htdocs\wordpress/wp-content/uploads/2019/04/cropped-menu-1.jpg 
[2019-08-06 02:09:11 : INFO] - Could not find file for image: ID=113, file=C:\xampp\htdocs\wordpress/wp-content/uploads/2019/04/cropped-menu.jpg 
[2019-08-06 02:09:11 : INFO] - Could not find file for image: ID=37, file=C:\xampp\htdocs\wordpress/wp-content/uploads/2019/04/cropped-timthumb-2.jpg 
[2019-08-06 02:09:11 : INFO] - Could not find file for image: ID=39, file=C:\xampp\htdocs\wordpress/wp-content/uploads/2019/04/cropped-timthumb-1-1.jpg 
[2019-08-06 02:09:11 : INFO] - Could not find file for image: ID=36, file=C:\xampp\htdocs\wordpress/wp-content/uploads/2019/04/cropped-timthumb.jpg 
[2019-08-06 02:09:13 : INFO] - Task with ID 44 and type (smush) failed with error code http_request_failed - cURL error 28: Connection timed out after 10001 milliseconds 
[2019-08-06 02:09:13 : INFO] - Cannot establish connection with reSmush.it webservice. Please try later 
[2019-08-06 02:09:13 : INFO] - Successfully optimized the image - C:\xampp\htdocs\wordpress/wp-content/uploads/2019/08/slider2.jpg.El archivo ha sido comprimido de 229.33 KB a 229.33 KB ahorrando un 0 por ciento utilizando WP-Optimize 
[2019-08-06 02:09:14 : INFO] - Completed processing task with ID : 44, and type 'smush' 
[2019-08-06 02:09:14 : INFO] - Set semaphore last lock (smush) time to 2019-08-06 02:09:14 
[2019-08-06 02:09:14 : INFO] - Decremented the semaphore (smush) by 1 
[2019-08-06 02:09:14 : INFO] - Semaphore (smush) unlocked 
[2019-08-06 02:09:14 : INFO] - Successfully processed the queue (smush). 2 tasks were processed out of 2. 
[2019-08-06 02:09:14 : INFO] - Semaphore (smush, di_options) was successfully cleaned up 
[2019-08-06 02:09:14 : INFO] - Cleaning up tasks of type (smush). A total of 3 tasks will be deleted. 
[2019-08-06 02:09:14 : INFO] - Could not find file for image: ID=115, file=C:\xampp\htdocs\wordpress/wp-content/uploads/2019/04/cropped-menu-1.jpg 
[2019-08-06 02:09:14 : INFO] - Could not find file for image: ID=113, file=C:\xampp\htdocs\wordpress/wp-content/uploads/2019/04/cropped-menu.jpg 
[2019-08-06 02:09:14 : INFO] - Could not find file for image: ID=37, file=C:\xampp\htdocs\wordpress/wp-content/uploads/2019/04/cropped-timthumb-2.jpg 
[2019-08-06 02:09:14 : INFO] - Could not find file for image: ID=39, file=C:\xampp\htdocs\wordpress/wp-content/uploads/2019/04/cropped-timthumb-1-1.jpg 
[2019-08-06 02:09:14 : INFO] - Could not find file for image: ID=36, file=C:\xampp\htdocs\wordpress/wp-content/uploads/2019/04/cropped-timthumb.jpg 
[2019-08-06 02:09:18 : INFO] - Could not find file for image: ID=115, file=C:\xampp\htdocs\wordpress/wp-content/uploads/2019/04/cropped-menu-1.jpg 
[2019-08-06 02:09:18 : INFO] - Could not find file for image: ID=113, file=C:\xampp\htdocs\wordpress/wp-content/uploads/2019/04/cropped-menu.jpg 
[2019-08-06 02:09:18 : INFO] - Could not find file for image: ID=37, file=C:\xampp\htdocs\wordpress/wp-content/uploads/2019/04/cropped-timthumb-2.jpg 
[2019-08-06 02:09:18 : INFO] - Could not find file for image: ID=39, file=C:\xampp\htdocs\wordpress/wp-content/uploads/2019/04/cropped-timthumb-1-1.jpg 
[2019-08-06 02:09:18 : INFO] - Could not find file for image: ID=36, file=C:\xampp\htdocs\wordpress/wp-content/uploads/2019/04/cropped-timthumb.jpg 
[2019-08-06 02:09:19 : INFO] - Could not find file for image: ID=115, file=C:\xampp\htdocs\wordpress/wp-content/uploads/2019/04/cropped-menu-1.jpg 
[2019-08-06 02:09:19 : INFO] - Could not find file for image: ID=113, file=C:\xampp\htdocs\wordpress/wp-content/uploads/2019/04/cropped-menu.jpg 
[2019-08-06 02:09:19 : INFO] - Could not find file for image: ID=37, file=C:\xampp\htdocs\wordpress/wp-content/uploads/2019/04/cropped-timthumb-2.jpg 
[2019-08-06 02:09:19 : INFO] - Could not find file for image: ID=39, file=C:\xampp\htdocs\wordpress/wp-content/uploads/2019/04/cropped-timthumb-1-1.jpg 
[2019-08-06 02:09:19 : INFO] - Could not find file for image: ID=36, file=C:\xampp\htdocs\wordpress/wp-content/uploads/2019/04/cropped-timthumb.jpg 
[2019-08-06 02:09:20 : INFO] - Could not find file for image: ID=115, file=C:\xampp\htdocs\wordpress/wp-content/uploads/2019/04/cropped-menu-1.jpg 
[2019-08-06 02:09:20 : INFO] - Could not find file for image: ID=113, file=C:\xampp\htdocs\wordpress/wp-content/uploads/2019/04/cropped-menu.jpg 
[2019-08-06 02:09:20 : INFO] - Could not find file for image: ID=37, file=C:\xampp\htdocs\wordpress/wp-content/uploads/2019/04/cropped-timthumb-2.jpg 
[2019-08-06 02:09:20 : INFO] - Could not find file for image: ID=39, file=C:\xampp\htdocs\wordpress/wp-content/uploads/2019/04/cropped-timthumb-1-1.jpg 
[2019-08-06 02:09:20 : INFO] - Could not find file for image: ID=36, file=C:\xampp\htdocs\wordpress/wp-content/uploads/2019/04/cropped-timthumb.jpg 
[2019-08-06 02:09:22 : INFO] - Could not find file for image: ID=115, file=C:\xampp\htdocs\wordpress/wp-content/uploads/2019/04/cropped-menu-1.jpg 
[2019-08-06 02:09:22 : INFO] - Could not find file for image: ID=113, file=C:\xampp\htdocs\wordpress/wp-content/uploads/2019/04/cropped-menu.jpg 
[2019-08-06 02:09:22 : INFO] - Could not find file for image: ID=37, file=C:\xampp\htdocs\wordpress/wp-content/uploads/2019/04/cropped-timthumb-2.jpg 
[2019-08-06 02:09:22 : INFO] - Could not find file for image: ID=39, file=C:\xampp\htdocs\wordpress/wp-content/uploads/2019/04/cropped-timthumb-1-1.jpg 
[2019-08-06 02:09:22 : INFO] - Could not find file for image: ID=36, file=C:\xampp\htdocs\wordpress/wp-content/uploads/2019/04/cropped-timthumb.jpg 
[2019-08-06 02:09:25 : INFO] - Could not find file for image: ID=115, file=C:\xampp\htdocs\wordpress/wp-content/uploads/2019/04/cropped-menu-1.jpg 
[2019-08-06 02:09:25 : INFO] - Could not find file for image: ID=113, file=C:\xampp\htdocs\wordpress/wp-content/uploads/2019/04/cropped-menu.jpg 
[2019-08-06 02:09:25 : INFO] - Could not find file for image: ID=37, file=C:\xampp\htdocs\wordpress/wp-content/uploads/2019/04/cropped-timthumb-2.jpg 
[2019-08-06 02:09:25 : INFO] - Could not find file for image: ID=39, file=C:\xampp\htdocs\wordpress/wp-content/uploads/2019/04/cropped-timthumb-1-1.jpg 
[2019-08-06 02:09:25 : INFO] - Could not find file for image: ID=36, file=C:\xampp\htdocs\wordpress/wp-content/uploads/2019/04/cropped-timthumb.jpg 
[2019-08-06 02:09:26 : INFO] - Could not find file for image: ID=115, file=C:\xampp\htdocs\wordpress/wp-content/uploads/2019/04/cropped-menu-1.jpg 
[2019-08-06 02:09:26 : INFO] - Could not find file for image: ID=113, file=C:\xampp\htdocs\wordpress/wp-content/uploads/2019/04/cropped-menu.jpg 
[2019-08-06 02:09:26 : INFO] - Could not find file for image: ID=37, file=C:\xampp\htdocs\wordpress/wp-content/uploads/2019/04/cropped-timthumb-2.jpg 
[2019-08-06 02:09:26 : INFO] - Could not find file for image: ID=39, file=C:\xampp\htdocs\wordpress/wp-content/uploads/2019/04/cropped-timthumb-1-1.jpg 
[2019-08-06 02:09:26 : INFO] - Could not find file for image: ID=36, file=C:\xampp\htdocs\wordpress/wp-content/uploads/2019/04/cropped-timthumb.jpg 
[2019-08-06 02:09:31 : INFO] - Could not find file for image: ID=115, file=C:\xampp\htdocs\wordpress/wp-content/uploads/2019/04/cropped-menu-1.jpg 
[2019-08-06 02:09:31 : INFO] - Could not find file for image: ID=113, file=C:\xampp\htdocs\wordpress/wp-content/uploads/2019/04/cropped-menu.jpg 
[2019-08-06 02:09:31 : INFO] - Could not find file for image: ID=37, file=C:\xampp\htdocs\wordpress/wp-content/uploads/2019/04/cropped-timthumb-2.jpg 
[2019-08-06 02:09:31 : INFO] - Could not find file for image: ID=39, file=C:\xampp\htdocs\wordpress/wp-content/uploads/2019/04/cropped-timthumb-1-1.jpg 
[2019-08-06 02:09:31 : INFO] - Could not find file for image: ID=36, file=C:\xampp\htdocs\wordpress/wp-content/uploads/2019/04/cropped-timthumb.jpg 
[2019-08-06 02:20:14 : INFO] - 
 
[2019-08-06 02:20:14 : INFO] - Header for logs at time:  Tue, 06 Aug 2019 02:20:14 +0000 on http://localhost/wordpress 
[2019-08-06 02:20:14 : INFO] - WP: 5.2.2 
[2019-08-06 02:20:14 : INFO] - PHP: 7.3.3 (apache2handler, Windows NT PAMEIGLESIAS 10.0 build 18362 (Windows 10) AMD64) 
[2019-08-06 02:20:14 : INFO] - MySQL: 5.5.5 
[2019-08-06 02:20:14 : INFO] - WPLANG: es_ES 
[2019-08-06 02:20:14 : INFO] - Server: Apache/2.4.38 (Win64) OpenSSL/1.1.1b PHP/7.3.3 
[2019-08-06 02:20:14 : INFO] - Outbound connections: N 
[2019-08-06 02:20:14 : INFO] - safe_mode: 0 
[2019-08-06 02:20:14 : INFO] - max_execution_time: 30 
[2019-08-06 02:20:14 : INFO] - memory_limit: 256M (used: 54.6M | 6M) 
[2019-08-06 02:20:14 : INFO] - multisite: N 
[2019-08-06 02:20:14 : INFO] - openssl: OpenSSL 1.1.1a  20 Nov 2018 
[2019-08-06 02:20:14 : INFO] - The queue for tasks of type "smush" is empty. Aborting! 
